#
# There is insufficient memory for the Java Runtime Environment to continue.
# Native memory allocation (mmap) failed to map 72351744 bytes for G1 virtual space
# Possible reasons:
#   The system is out of physical RAM or swap space
#   The process is running with CompressedOops enabled, and the Java Heap may be blocking the growth of the native heap
# Possible solutions:
#   Reduce memory load on the system
#   Increase physical memory or swap space
#   Check if swap backing store is full
#   Decrease Java heap size (-Xmx/-Xms)
#   Decrease number of Java threads
#   Decrease Java thread stack sizes (-Xss)
#   Set larger code cache with -XX:ReservedCodeCacheSize=
#   JVM is running with Unscaled Compressed Oops mode in which the Java heap is
#     placed in the first 4GB address space. The Java Heap base address is the
#     maximum limit for the native heap growth. Please use -XX:HeapBaseMinAddress
#     to set the Java Heap base and to place the Java Heap above 4GB virtual address.
# This output file may be truncated or incomplete.
#
#  Out of Memory Error (./open/src/hotspot/os/windows/os_windows.cpp:3472), pid=8656, tid=13804
#
# JRE version: Java(TM) SE Runtime Environment (15.0.1+9) (build 15.0.1+9-18)
# Java VM: Java HotSpot(TM) 64-Bit Server VM (15.0.1+9-18, mixed mode, sharing, tiered, compressed oops, g1 gc, windows-amd64)
# No core dump will be written. Minidumps are not enabled by default on client versions of Windows
#

---------------  S U M M A R Y ------------

Command Line: -javaagent:C:\Program Files\JetBrains\IntelliJ IDEA 2020.3\lib\idea_rt.jar=62726:C:\Program Files\JetBrains\IntelliJ IDEA 2020.3\bin -Dfile.encoding=UTF-8 WritingIntoFiles

Host: Intel(R) Core(TM) i5-7200U CPU @ 2.50GHz, 4 cores, 7G,  Windows 10 , 64 bit Build 19041 (10.0.19041.662)
Time: Mon Mar  1 12:47:09 2021 Romance Standard Time elapsed time: 14.588894 seconds (0d 0h 0m 14s)

---------------  T H R E A D  ---------------

Current thread (0x0000017c1d839200):  VMThread "VM Thread" [stack: 0x0000006b55d00000,0x0000006b55e00000] [id=13804]

Stack: [0x0000006b55d00000,0x0000006b55e00000]
[error occurred during error reporting (printing stack bounds), id 0xc0000005, EXCEPTION_ACCESS_VIOLATION (0xc0000005) at pc=0x0000017c081610ad]

Native frames: (J=compiled Java code, j=interpreted, Vv=VM code, C=native code)
V  [jvm.dll+0x62ae9a]
V  [jvm.dll+0x781389]
V  [jvm.dll+0x782ae3]
V  [jvm.dll+0x7830a5]
V  [jvm.dll+0x78305b]
V  [jvm.dll+0x62a2b9]
V  [jvm.dll+0x62aa88]
C  [ntdll.dll+0xa130f]
C  [ntdll.dll+0x4b5e4]
C  [ntdll.dll+0x9fe3e]
C  0x0000017c081610ad

VM_Operation (0x0000006b559ffb20): G1Concurrent, mode: safepoint, requested by thread 0x0000017c7f5d4ad0


---------------  P R O C E S S  ---------------

Threads class SMR info:
_java_thread_list=0x0000017c1e3ef6e0, length=15, elements={
0x0000017c7f582bc0, 0x0000017c1d83e150, 0x0000017c1d83ec30, 0x0000017c1d851910,
0x0000017c1d8541e0, 0x0000017c1d855bb0, 0x0000017c1d8587b0, 0x0000017c1e1d0060,
0x0000017c1e1d0570, 0x0000017c1d81f7c0, 0x0000017c1e316c50, 0x0000017c1e317120,
0x0000017c1f09adb0, 0x0000017c1f197b90, 0x0000017c1e2f3070
}

Java Threads: ( => current thread )
  0x0000017c7f582bc0 JavaThread "main" [_thread_blocked, id=13188, stack(0x0000006b55700000,0x0000006b55800000)]
  0x0000017c1d83e150 JavaThread "Reference Handler" daemon [_thread_blocked, id=6928, stack(0x0000006b55e00000,0x0000006b55f00000)]
  0x0000017c1d83ec30 JavaThread "Finalizer" daemon [_thread_blocked, id=10976, stack(0x0000006b55f00000,0x0000006b56000000)]
  0x0000017c1d851910 JavaThread "Signal Dispatcher" daemon [_thread_blocked, id=10564, stack(0x0000006b56000000,0x0000006b56100000)]
  0x0000017c1d8541e0 JavaThread "Attach Listener" daemon [_thread_blocked, id=11352, stack(0x0000006b56100000,0x0000006b56200000)]
  0x0000017c1d855bb0 JavaThread "Service Thread" daemon [_thread_blocked, id=15932, stack(0x0000006b56200000,0x0000006b56300000)]
  0x0000017c1d8587b0 JavaThread "C2 CompilerThread0" daemon [_thread_blocked, id=11888, stack(0x0000006b56300000,0x0000006b56400000)]
  0x0000017c1e1d0060 JavaThread "C1 CompilerThread0" daemon [_thread_blocked, id=2364, stack(0x0000006b56400000,0x0000006b56500000)]
  0x0000017c1e1d0570 JavaThread "Sweeper thread" daemon [_thread_blocked, id=13284, stack(0x0000006b56500000,0x0000006b56600000)]
  0x0000017c1d81f7c0 JavaThread "Common-Cleaner" daemon [_thread_blocked, id=1860, stack(0x0000006b56600000,0x0000006b56700000)]
  0x0000017c1e316c50 JavaThread "Monitor Ctrl-Break" daemon [_thread_in_native, id=11924, stack(0x0000006b56800000,0x0000006b56900000)]
  0x0000017c1e317120 JavaThread "Notification Thread" daemon [_thread_blocked, id=11772, stack(0x0000006b56900000,0x0000006b56a00000)]
  0x0000017c1f09adb0 JavaThread "Java2D Disposer" daemon [_thread_blocked, id=1524, stack(0x0000006b57100000,0x0000006b57200000)]
  0x0000017c1f197b90 JavaThread "AWT-Windows" daemon [_thread_in_native, id=11884, stack(0x0000006b57300000,0x0000006b57400000)]
  0x0000017c1e2f3070 JavaThread "C2 CompilerThread1" daemon [_thread_blocked, id=9648, stack(0x0000006b56700000,0x0000006b56800000)]

Other Threads:
=>0x0000017c1d839200 VMThread "VM Thread" [stack: 0x0000006b55d00000,0x0000006b55e00000] [id=13804]
  0x0000017c1e317e70 WatcherThread [stack: 0x0000006b56a00000,0x0000006b56b00000] [id=1328]
  0x0000017c7f5c3d70 GCTaskThread "GC Thread#0" [stack: 0x0000006b55800000,0x0000006b55900000] [id=11096]
  0x0000017c1e3f2820 GCTaskThread "GC Thread#1" [stack: 0x0000006b56b00000,0x0000006b56c00000] [id=14780]
  0x0000017c1e3f34e0 GCTaskThread "GC Thread#2" [stack: 0x0000006b56c00000,0x0000006b56d00000] [id=15496]
  0x0000017c1e3f2b50 GCTaskThread "GC Thread#3" [stack: 0x0000006b56f00000,0x0000006b57000000] [id=9252]
  0x0000017c7f5d4ad0 ConcurrentGCThread "G1 Main Marker" [stack: 0x0000006b55900000,0x0000006b55a00000] [id=6580]
  0x0000017c7f5d55d0 ConcurrentGCThread "G1 Conc#0" [stack: 0x0000006b55a00000,0x0000006b55b00000] [id=12020]
  0x0000017c7f64ca30 ConcurrentGCThread "G1 Refine#0" [stack: 0x0000006b55b00000,0x0000006b55c00000] [id=2140]
  0x0000017c1e8cd1a0 ConcurrentGCThread "G1 Refine#1" [stack: 0x0000006b56e00000,0x0000006b56f00000] [id=13108]
  0x0000017c1ec9eb60 ConcurrentGCThread "G1 Refine#2" [stack: 0x0000006b56d00000,0x0000006b56e00000] [id=1408]
  0x0000017c1f209010 ConcurrentGCThread "G1 Refine#3" [stack: 0x0000006b57000000,0x0000006b57100000] [id=7256]
  0x0000017c7f64d540 ConcurrentGCThread "G1 Young RemSet Sampling" [stack: 0x0000006b55c00000,0x0000006b55d00000] [id=3788]

Threads with active compile tasks:
C2 CompilerThread0    14602 5831       4       com.aspose.pdf.internal.l19u.l29n::lf (47 bytes)

VM state: at safepoint (normal execution)

VM Mutex/Monitor currently owned by a thread:  ([mutex/lock_event])
[0x0000017c7f57e8b0] Threads_lock - owner thread: 0x0000017c1d839200
[0x0000017c7f57eee0] Heap_lock - owner thread: 0x0000017c7f5d4ad0

Heap address: 0x0000000081800000, size: 2024 MB, Compressed Oops mode: 32-bit
CDS archive(s) mapped at: [0x0000000800000000-0x0000000800b50000-0x0000000800b50000), size 11862016, SharedBaseAddress: 0x0000000800000000, ArchiveRelocationMode: 0.
Compressed class space mapped at: 0x0000000800b50000-0x0000000840b50000, size: 1073741824
Narrow klass base: 0x0000000800000000, Narrow klass shift: 3, Narrow klass range: 0x100000000

GC Precious Log:
 CPUs: 4 total, 4 available
 Memory: 8088M
 Large Page Support: Disabled
 NUMA Support: Disabled
 Compressed Oops: Enabled (32-bit)
 Heap Region Size: 1M
 Heap Min Capacity: 8M
 Heap Initial Capacity: 128M
 Heap Max Capacity: 2024M
 Pre-touch: Disabled
 Parallel Workers: 4
 Concurrent Workers: 1
 Concurrent Refinement Workers: 4
 Periodic GC: Disabled

Heap:
 garbage-first heap   total 459776K, used 272506K [0x0000000081800000, 0x0000000100000000)
  region size 1024K, 17 young (17408K), 1 survivors (1024K)
 Metaspace       used 45205K, capacity 45457K, committed 45692K, reserved 1087488K
  class space    used 6657K, capacity 6729K, committed 6860K, reserved 1048576K

Heap Regions: E=young(eden), S=young(survivor), O=old, HS=humongous(starts), HC=humongous(continues), CS=collection set, F=free, OA=open archive, CA=closed archive, TAMS=top-at-mark-start (previous, next)
|   0|0x0000000081800000, 0x0000000081900000, 0x0000000081900000|100%|HS|  |TAMS 0x0000000081900000, 0x0000000081800000| Complete 
|   1|0x0000000081900000, 0x0000000081a00000, 0x0000000081a00000|100%|HC|  |TAMS 0x0000000081a00000, 0x0000000081900000| Complete 
|   2|0x0000000081a00000, 0x0000000081b00000, 0x0000000081b00000|100%|HC|  |TAMS 0x0000000081b00000, 0x0000000081a00000| Complete 
|   3|0x0000000081b00000, 0x0000000081c00000, 0x0000000081c00000|100%|HC|  |TAMS 0x0000000081c00000, 0x0000000081b00000| Complete 
|   4|0x0000000081c00000, 0x0000000081d00000, 0x0000000081d00000|100%|HC|  |TAMS 0x0000000081d00000, 0x0000000081c00000| Complete 
|   5|0x0000000081d00000, 0x0000000081e00000, 0x0000000081e00000|100%|HS|  |TAMS 0x0000000081e00000, 0x0000000081d00000| Complete 
|   6|0x0000000081e00000, 0x0000000081f00000, 0x0000000081f00000|100%| O|  |TAMS 0x0000000081f00000, 0x0000000081e00000| Updating 
|   7|0x0000000081f00000, 0x0000000082000000, 0x0000000082000000|100%|HS|  |TAMS 0x0000000081f00000, 0x0000000081f00000| Complete 
|   8|0x0000000082000000, 0x0000000082100000, 0x0000000082100000|100%| O|  |TAMS 0x0000000082100000, 0x0000000082000000| Updating 
|   9|0x0000000082100000, 0x0000000082200000, 0x0000000082200000|100%| O|  |TAMS 0x0000000082200000, 0x0000000082100000| Updating 
|  10|0x0000000082200000, 0x0000000082300000, 0x0000000082300000|100%| O|  |TAMS 0x0000000082300000, 0x0000000082200000| Updating 
|  11|0x0000000082300000, 0x0000000082400000, 0x0000000082400000|100%| O|  |TAMS 0x0000000082400000, 0x0000000082300000| Updating 
|  12|0x0000000082400000, 0x0000000082500000, 0x0000000082500000|100%| O|  |TAMS 0x0000000082500000, 0x0000000082400000| Updating 
|  13|0x0000000082500000, 0x0000000082600000, 0x0000000082600000|100%| O|  |TAMS 0x0000000082600000, 0x0000000082500000| Updating 
|  14|0x0000000082600000, 0x0000000082700000, 0x0000000082700000|100%| O|  |TAMS 0x0000000082700000, 0x0000000082600000| Updating 
|  15|0x0000000082700000, 0x0000000082800000, 0x0000000082800000|100%| O|  |TAMS 0x0000000082800000, 0x0000000082700000| Updating 
|  16|0x0000000082800000, 0x0000000082900000, 0x0000000082900000|100%| O|  |TAMS 0x0000000082900000, 0x0000000082800000| Updating 
|  17|0x0000000082900000, 0x0000000082a00000, 0x0000000082a00000|100%| O|  |TAMS 0x0000000082a00000, 0x0000000082900000| Updating 
|  18|0x0000000082a00000, 0x0000000082b00000, 0x0000000082b00000|100%| O|  |TAMS 0x0000000082b00000, 0x0000000082a00000| Updating 
|  19|0x0000000082b00000, 0x0000000082c00000, 0x0000000082c00000|100%| O|  |TAMS 0x0000000082c00000, 0x0000000082b00000| Updating 
|  20|0x0000000082c00000, 0x0000000082d00000, 0x0000000082d00000|100%| O|  |TAMS 0x0000000082d00000, 0x0000000082c00000| Updating 
|  21|0x0000000082d00000, 0x0000000082e00000, 0x0000000082e00000|100%| O|  |TAMS 0x0000000082e00000, 0x0000000082d00000| Updating 
|  22|0x0000000082e00000, 0x0000000082f00000, 0x0000000082f00000|100%| O|  |TAMS 0x0000000082f00000, 0x0000000082e00000| Updating 
|  23|0x0000000082f00000, 0x0000000083000000, 0x0000000083000000|100%| O|  |TAMS 0x0000000083000000, 0x0000000082f00000| Updating 
|  24|0x0000000083000000, 0x0000000083100000, 0x0000000083100000|100%| O|  |TAMS 0x0000000083100000, 0x0000000083000000| Updating 
|  25|0x0000000083100000, 0x0000000083200000, 0x0000000083200000|100%| O|  |TAMS 0x0000000083200000, 0x0000000083100000| Updating 
|  26|0x0000000083200000, 0x0000000083300000, 0x0000000083300000|100%| O|  |TAMS 0x0000000083300000, 0x0000000083200000| Updating 
|  27|0x0000000083300000, 0x0000000083400000, 0x0000000083400000|100%| O|  |TAMS 0x0000000083400000, 0x0000000083300000| Updating 
|  28|0x0000000083400000, 0x0000000083500000, 0x0000000083500000|100%| O|  |TAMS 0x0000000083500000, 0x0000000083400000| Updating 
|  29|0x0000000083500000, 0x0000000083600000, 0x0000000083600000|100%| O|  |TAMS 0x0000000083600000, 0x0000000083500000| Updating 
|  30|0x0000000083600000, 0x0000000083700000, 0x0000000083700000|100%| O|  |TAMS 0x0000000083700000, 0x0000000083600000| Updating 
|  31|0x0000000083700000, 0x0000000083800000, 0x0000000083800000|100%| O|  |TAMS 0x0000000083800000, 0x0000000083700000| Updating 
|  32|0x0000000083800000, 0x0000000083900000, 0x0000000083900000|100%| O|  |TAMS 0x0000000083900000, 0x0000000083800000| Updating 
|  33|0x0000000083900000, 0x0000000083a00000, 0x0000000083a00000|100%| O|  |TAMS 0x0000000083a00000, 0x0000000083900000| Updating 
|  34|0x0000000083a00000, 0x0000000083b00000, 0x0000000083b00000|100%| O|  |TAMS 0x0000000083b00000, 0x0000000083a00000| Updating 
|  35|0x0000000083b00000, 0x0000000083c00000, 0x0000000083c00000|100%| O|  |TAMS 0x0000000083c00000, 0x0000000083b00000| Updating 
|  36|0x0000000083c00000, 0x0000000083d00000, 0x0000000083d00000|100%| O|  |TAMS 0x0000000083d00000, 0x0000000083c00000| Updating 
|  37|0x0000000083d00000, 0x0000000083e00000, 0x0000000083e00000|100%| O|  |TAMS 0x0000000083e00000, 0x0000000083d00000| Updating 
|  38|0x0000000083e00000, 0x0000000083f00000, 0x0000000083f00000|100%| O|  |TAMS 0x0000000083f00000, 0x0000000083e00000| Updating 
|  39|0x0000000083f00000, 0x0000000084000000, 0x0000000084000000|100%| O|  |TAMS 0x0000000084000000, 0x0000000083f00000| Updating 
|  40|0x0000000084000000, 0x0000000084000000, 0x0000000084100000|  0%| F|  |TAMS 0x0000000084000000, 0x0000000084000000| Untracked 
|  41|0x0000000084100000, 0x0000000084200000, 0x0000000084200000|100%| O|  |TAMS 0x0000000084200000, 0x0000000084100000| Updating 
|  42|0x0000000084200000, 0x0000000084300000, 0x0000000084300000|100%| O|  |TAMS 0x0000000084300000, 0x0000000084200000| Updating 
|  43|0x0000000084300000, 0x0000000084400000, 0x0000000084400000|100%| O|  |TAMS 0x0000000084400000, 0x0000000084300000| Updating 
|  44|0x0000000084400000, 0x0000000084500000, 0x0000000084500000|100%| O|  |TAMS 0x0000000084500000, 0x0000000084400000| Updating 
|  45|0x0000000084500000, 0x0000000084600000, 0x0000000084600000|100%| O|  |TAMS 0x0000000084600000, 0x0000000084500000| Updating 
|  46|0x0000000084600000, 0x0000000084700000, 0x0000000084700000|100%| O|  |TAMS 0x0000000084700000, 0x0000000084600000| Updating 
|  47|0x0000000084700000, 0x0000000084800000, 0x0000000084800000|100%| O|  |TAMS 0x0000000084800000, 0x0000000084700000| Updating 
|  48|0x0000000084800000, 0x0000000084900000, 0x0000000084900000|100%| O|  |TAMS 0x0000000084900000, 0x0000000084800000| Updating 
|  49|0x0000000084900000, 0x0000000084a00000, 0x0000000084a00000|100%| O|  |TAMS 0x0000000084a00000, 0x0000000084900000| Updating 
|  50|0x0000000084a00000, 0x0000000084b00000, 0x0000000084b00000|100%| O|  |TAMS 0x0000000084b00000, 0x0000000084a00000| Updating 
|  51|0x0000000084b00000, 0x0000000084c00000, 0x0000000084c00000|100%| O|  |TAMS 0x0000000084c00000, 0x0000000084b00000| Updating 
|  52|0x0000000084c00000, 0x0000000084d00000, 0x0000000084d00000|100%| O|  |TAMS 0x0000000084d00000, 0x0000000084c00000| Updating 
|  53|0x0000000084d00000, 0x0000000084d00000, 0x0000000084e00000|  0%| F|  |TAMS 0x0000000084d00000, 0x0000000084d00000| Untracked 
|  54|0x0000000084e00000, 0x0000000084e00000, 0x0000000084f00000|  0%| F|  |TAMS 0x0000000084e00000, 0x0000000084e00000| Untracked 
|  55|0x0000000084f00000, 0x0000000084f00000, 0x0000000085000000|  0%| F|  |TAMS 0x0000000084f00000, 0x0000000084f00000| Untracked 
|  56|0x0000000085000000, 0x0000000085100000, 0x0000000085100000|100%| O|  |TAMS 0x0000000085100000, 0x0000000085000000| Updating 
|  57|0x0000000085100000, 0x0000000085200000, 0x0000000085200000|100%| O|  |TAMS 0x0000000085200000, 0x0000000085100000| Updating 
|  58|0x0000000085200000, 0x0000000085300000, 0x0000000085300000|100%| O|  |TAMS 0x0000000085300000, 0x0000000085200000| Updating 
|  59|0x0000000085300000, 0x0000000085400000, 0x0000000085400000|100%| O|  |TAMS 0x0000000085400000, 0x0000000085300000| Updating 
|  60|0x0000000085400000, 0x0000000085500000, 0x0000000085500000|100%| O|  |TAMS 0x0000000085500000, 0x0000000085400000| Updating 
|  61|0x0000000085500000, 0x0000000085600000, 0x0000000085600000|100%| O|  |TAMS 0x0000000085600000, 0x0000000085500000| Updating 
|  62|0x0000000085600000, 0x0000000085700000, 0x0000000085700000|100%| O|  |TAMS 0x0000000085700000, 0x0000000085600000| Updating 
|  63|0x0000000085700000, 0x0000000085800000, 0x0000000085800000|100%| O|  |TAMS 0x0000000085800000, 0x0000000085700000| Updating 
|  64|0x0000000085800000, 0x0000000085900000, 0x0000000085900000|100%| O|  |TAMS 0x0000000085880000, 0x0000000085800000| Updating 
|  65|0x0000000085900000, 0x0000000085a00000, 0x0000000085a00000|100%|HS|  |TAMS 0x0000000085a00000, 0x0000000085900000| Complete 
|  66|0x0000000085a00000, 0x0000000085b00000, 0x0000000085b00000|100%|HC|  |TAMS 0x0000000085b00000, 0x0000000085a00000| Complete 
|  67|0x0000000085b00000, 0x0000000085c00000, 0x0000000085c00000|100%|HS|  |TAMS 0x0000000085b00000, 0x0000000085b00000| Complete 
|  68|0x0000000085c00000, 0x0000000085d00000, 0x0000000085d00000|100%|HC|  |TAMS 0x0000000085c00000, 0x0000000085c00000| Complete 
|  69|0x0000000085d00000, 0x0000000085e00000, 0x0000000085e00000|100%|HS|  |TAMS 0x0000000085d00000, 0x0000000085d00000| Complete 
|  70|0x0000000085e00000, 0x0000000085f00000, 0x0000000085f00000|100%|HC|  |TAMS 0x0000000085e00000, 0x0000000085e00000| Complete 
|  71|0x0000000085f00000, 0x0000000086000000, 0x0000000086000000|100%|HC|  |TAMS 0x0000000085f00000, 0x0000000085f00000| Complete 
|  72|0x0000000086000000, 0x0000000086100000, 0x0000000086100000|100%| O|  |TAMS 0x0000000086100000, 0x0000000086000000| Updating 
|  73|0x0000000086100000, 0x0000000086200000, 0x0000000086200000|100%| O|  |TAMS 0x0000000086200000, 0x0000000086100000| Updating 
|  74|0x0000000086200000, 0x0000000086300000, 0x0000000086300000|100%| O|  |TAMS 0x0000000086300000, 0x0000000086200000| Updating 
|  75|0x0000000086300000, 0x0000000086400000, 0x0000000086400000|100%| O|  |TAMS 0x0000000086400000, 0x0000000086300000| Updating 
|  76|0x0000000086400000, 0x0000000086500000, 0x0000000086500000|100%| O|  |TAMS 0x0000000086500000, 0x0000000086400000| Updating 
|  77|0x0000000086500000, 0x0000000086600000, 0x0000000086600000|100%| O|  |TAMS 0x0000000086600000, 0x0000000086500000| Updating 
|  78|0x0000000086600000, 0x0000000086700000, 0x0000000086700000|100%|HS|  |TAMS 0x0000000086600000, 0x0000000086600000| Complete 
|  79|0x0000000086700000, 0x0000000086800000, 0x0000000086800000|100%|HS|  |TAMS 0x0000000086700000, 0x0000000086700000| Complete 
|  80|0x0000000086800000, 0x0000000086900000, 0x0000000086900000|100%|HC|  |TAMS 0x0000000086800000, 0x0000000086800000| Complete 
|  81|0x0000000086900000, 0x0000000086a00000, 0x0000000086a00000|100%|HS|  |TAMS 0x0000000086900000, 0x0000000086900000| Complete 
|  82|0x0000000086a00000, 0x0000000086b00000, 0x0000000086b00000|100%|HC|  |TAMS 0x0000000086a00000, 0x0000000086a00000| Complete 
|  83|0x0000000086b00000, 0x0000000086c00000, 0x0000000086c00000|100%|HC|  |TAMS 0x0000000086b00000, 0x0000000086b00000| Complete 
|  84|0x0000000086c00000, 0x0000000086d00000, 0x0000000086d00000|100%| O|  |TAMS 0x0000000086d00000, 0x0000000086c00000| Updating 
|  85|0x0000000086d00000, 0x0000000086e00000, 0x0000000086e00000|100%| O|  |TAMS 0x0000000086e00000, 0x0000000086d00000| Updating 
|  86|0x0000000086e00000, 0x0000000086f00000, 0x0000000086f00000|100%| O|  |TAMS 0x0000000086f00000, 0x0000000086e00000| Updating 
|  87|0x0000000086f00000, 0x0000000087000000, 0x0000000087000000|100%| O|  |TAMS 0x0000000087000000, 0x0000000086f00000| Updating 
|  88|0x0000000087000000, 0x0000000087100000, 0x0000000087100000|100%| O|  |TAMS 0x0000000087100000, 0x0000000087000000| Updating 
|  89|0x0000000087100000, 0x0000000087200000, 0x0000000087200000|100%| O|  |TAMS 0x0000000087200000, 0x0000000087100000| Updating 
|  90|0x0000000087200000, 0x0000000087300000, 0x0000000087300000|100%| O|  |TAMS 0x0000000087300000, 0x0000000087200000| Updating 
|  91|0x0000000087300000, 0x0000000087400000, 0x0000000087400000|100%| O|  |TAMS 0x0000000087400000, 0x0000000087300000| Updating 
|  92|0x0000000087400000, 0x0000000087500000, 0x0000000087500000|100%| O|  |TAMS 0x0000000087500000, 0x0000000087400000| Updating 
|  93|0x0000000087500000, 0x0000000087600000, 0x0000000087600000|100%| O|  |TAMS 0x0000000087600000, 0x0000000087500000| Updating 
|  94|0x0000000087600000, 0x0000000087700000, 0x0000000087700000|100%| O|  |TAMS 0x0000000087700000, 0x0000000087600000| Updating 
|  95|0x0000000087700000, 0x0000000087800000, 0x0000000087800000|100%| O|  |TAMS 0x0000000087800000, 0x0000000087700000| Updating 
|  96|0x0000000087800000, 0x0000000087900000, 0x0000000087900000|100%|HS|  |TAMS 0x0000000087800000, 0x0000000087800000| Complete 
|  97|0x0000000087900000, 0x0000000087a00000, 0x0000000087a00000|100%| O|  |TAMS 0x0000000087a00000, 0x0000000087900000| Updating 
|  98|0x0000000087a00000, 0x0000000087b00000, 0x0000000087b00000|100%| O|  |TAMS 0x0000000087b00000, 0x0000000087a00000| Updating 
|  99|0x0000000087b00000, 0x0000000087c00000, 0x0000000087c00000|100%| O|  |TAMS 0x0000000087c00000, 0x0000000087b00000| Updating 
| 100|0x0000000087c00000, 0x0000000087d00000, 0x0000000087d00000|100%| O|  |TAMS 0x0000000087d00000, 0x0000000087c00000| Updating 
| 101|0x0000000087d00000, 0x0000000087e00000, 0x0000000087e00000|100%| O|  |TAMS 0x0000000087e00000, 0x0000000087d00000| Updating 
| 102|0x0000000087e00000, 0x0000000087f00000, 0x0000000087f00000|100%| O|  |TAMS 0x0000000087f00000, 0x0000000087e00000| Updating 
| 103|0x0000000087f00000, 0x0000000088000000, 0x0000000088000000|100%| O|  |TAMS 0x0000000088000000, 0x0000000087f00000| Updating 
| 104|0x0000000088000000, 0x0000000088100000, 0x0000000088100000|100%|HS|  |TAMS 0x0000000088000000, 0x0000000088000000| Complete 
| 105|0x0000000088100000, 0x0000000088200000, 0x0000000088200000|100%| O|  |TAMS 0x0000000088200000, 0x0000000088100000| Updating 
| 106|0x0000000088200000, 0x0000000088300000, 0x0000000088300000|100%| O|  |TAMS 0x0000000088300000, 0x0000000088200000| Updating 
| 107|0x0000000088300000, 0x0000000088400000, 0x0000000088400000|100%|HS|  |TAMS 0x0000000088300000, 0x0000000088300000| Complete 
| 108|0x0000000088400000, 0x0000000088500000, 0x0000000088500000|100%|HC|  |TAMS 0x0000000088400000, 0x0000000088400000| Complete 
| 109|0x0000000088500000, 0x0000000088600000, 0x0000000088600000|100%|HS|  |TAMS 0x0000000088500000, 0x0000000088500000| Complete 
| 110|0x0000000088600000, 0x0000000088700000, 0x0000000088700000|100%|HC|  |TAMS 0x0000000088600000, 0x0000000088600000| Complete 
| 111|0x0000000088700000, 0x0000000088800000, 0x0000000088800000|100%|HC|  |TAMS 0x0000000088700000, 0x0000000088700000| Complete 
| 112|0x0000000088800000, 0x0000000088900000, 0x0000000088900000|100%|HS|  |TAMS 0x0000000088800000, 0x0000000088800000| Complete 
| 113|0x0000000088900000, 0x0000000088a00000, 0x0000000088a00000|100%|HC|  |TAMS 0x0000000088900000, 0x0000000088900000| Complete 
| 114|0x0000000088a00000, 0x0000000088b00000, 0x0000000088b00000|100%|HS|  |TAMS 0x0000000088a00000, 0x0000000088a00000| Complete 
| 115|0x0000000088b00000, 0x0000000088c00000, 0x0000000088c00000|100%|HC|  |TAMS 0x0000000088b00000, 0x0000000088b00000| Complete 
| 116|0x0000000088c00000, 0x0000000088d00000, 0x0000000088d00000|100%|HC|  |TAMS 0x0000000088c00000, 0x0000000088c00000| Complete 
| 117|0x0000000088d00000, 0x0000000088e00000, 0x0000000088e00000|100%|HS|  |TAMS 0x0000000088d00000, 0x0000000088d00000| Complete 
| 118|0x0000000088e00000, 0x0000000088f00000, 0x0000000088f00000|100%|HS|  |TAMS 0x0000000088e00000, 0x0000000088e00000| Complete 
| 119|0x0000000088f00000, 0x0000000089000000, 0x0000000089000000|100%|HC|  |TAMS 0x0000000088f00000, 0x0000000088f00000| Complete 
| 120|0x0000000089000000, 0x0000000089100000, 0x0000000089100000|100%|HS|  |TAMS 0x0000000089000000, 0x0000000089000000| Complete 
| 121|0x0000000089100000, 0x0000000089200000, 0x0000000089200000|100%|HC|  |TAMS 0x0000000089100000, 0x0000000089100000| Complete 
| 122|0x0000000089200000, 0x0000000089300000, 0x0000000089300000|100%|HC|  |TAMS 0x0000000089200000, 0x0000000089200000| Complete 
| 123|0x0000000089300000, 0x0000000089400000, 0x0000000089400000|100%|HS|  |TAMS 0x0000000089400000, 0x0000000089300000| Complete 
| 124|0x0000000089400000, 0x0000000089500000, 0x0000000089500000|100%|HC|  |TAMS 0x0000000089500000, 0x0000000089400000| Complete 
| 125|0x0000000089500000, 0x0000000089600000, 0x0000000089600000|100%|HS|  |TAMS 0x0000000089500000, 0x0000000089500000| Complete 
| 126|0x0000000089600000, 0x0000000089700000, 0x0000000089700000|100%|HS|  |TAMS 0x0000000089600000, 0x0000000089600000| Complete 
| 127|0x0000000089700000, 0x0000000089800000, 0x0000000089800000|100%|HC|  |TAMS 0x0000000089700000, 0x0000000089700000| Complete 
| 128|0x0000000089800000, 0x0000000089900000, 0x0000000089900000|100%|HS|  |TAMS 0x0000000089800000, 0x0000000089800000| Complete 
| 129|0x0000000089900000, 0x0000000089a00000, 0x0000000089a00000|100%|HC|  |TAMS 0x0000000089900000, 0x0000000089900000| Complete 
| 130|0x0000000089a00000, 0x0000000089b00000, 0x0000000089b00000|100%|HC|  |TAMS 0x0000000089a00000, 0x0000000089a00000| Complete 
| 131|0x0000000089b00000, 0x0000000089c00000, 0x0000000089c00000|100%| O|  |TAMS 0x0000000089b00000, 0x0000000089b00000| Untracked 
| 132|0x0000000089c00000, 0x0000000089d00000, 0x0000000089d00000|100%| O|  |TAMS 0x0000000089c00000, 0x0000000089c00000| Untracked 
| 133|0x0000000089d00000, 0x0000000089e00000, 0x0000000089e00000|100%| O|  |TAMS 0x0000000089d00000, 0x0000000089d00000| Untracked 
| 134|0x0000000089e00000, 0x0000000089f00000, 0x0000000089f00000|100%| O|  |TAMS 0x0000000089e00000, 0x0000000089e00000| Untracked 
| 135|0x0000000089f00000, 0x000000008a000000, 0x000000008a000000|100%| O|  |TAMS 0x0000000089f00000, 0x0000000089f00000| Untracked 
| 136|0x000000008a000000, 0x000000008a100000, 0x000000008a100000|100%| O|  |TAMS 0x000000008a000000, 0x000000008a000000| Untracked 
| 137|0x000000008a100000, 0x000000008a200000, 0x000000008a200000|100%| O|  |TAMS 0x000000008a100000, 0x000000008a100000| Untracked 
| 138|0x000000008a200000, 0x000000008a300000, 0x000000008a300000|100%| O|  |TAMS 0x000000008a200000, 0x000000008a200000| Untracked 
| 139|0x000000008a300000, 0x000000008a400000, 0x000000008a400000|100%|HS|  |TAMS 0x000000008a300000, 0x000000008a300000| Complete 
| 140|0x000000008a400000, 0x000000008a500000, 0x000000008a500000|100%|HS|  |TAMS 0x000000008a400000, 0x000000008a400000| Complete 
| 141|0x000000008a500000, 0x000000008a600000, 0x000000008a600000|100%|HC|  |TAMS 0x000000008a500000, 0x000000008a500000| Complete 
| 142|0x000000008a600000, 0x000000008a700000, 0x000000008a700000|100%|HS|  |TAMS 0x000000008a600000, 0x000000008a600000| Complete 
| 143|0x000000008a700000, 0x000000008a800000, 0x000000008a800000|100%|HC|  |TAMS 0x000000008a700000, 0x000000008a700000| Complete 
| 144|0x000000008a800000, 0x000000008a900000, 0x000000008a900000|100%|HC|  |TAMS 0x000000008a800000, 0x000000008a800000| Complete 
| 145|0x000000008a900000, 0x000000008aa00000, 0x000000008aa00000|100%|HS|  |TAMS 0x000000008a900000, 0x000000008a900000| Complete 
| 146|0x000000008aa00000, 0x000000008ab00000, 0x000000008ab00000|100%|HS|  |TAMS 0x000000008aa00000, 0x000000008aa00000| Complete 
| 147|0x000000008ab00000, 0x000000008ac00000, 0x000000008ac00000|100%|HC|  |TAMS 0x000000008ab00000, 0x000000008ab00000| Complete 
| 148|0x000000008ac00000, 0x000000008ad00000, 0x000000008ad00000|100%|HS|  |TAMS 0x000000008ac00000, 0x000000008ac00000| Complete 
| 149|0x000000008ad00000, 0x000000008ae00000, 0x000000008ae00000|100%|HC|  |TAMS 0x000000008ad00000, 0x000000008ad00000| Complete 
| 150|0x000000008ae00000, 0x000000008af00000, 0x000000008af00000|100%|HC|  |TAMS 0x000000008ae00000, 0x000000008ae00000| Complete 
| 151|0x000000008af00000, 0x000000008b000000, 0x000000008b000000|100%|HS|  |TAMS 0x000000008af00000, 0x000000008af00000| Complete 
| 152|0x000000008b000000, 0x000000008b100000, 0x000000008b100000|100%|HS|  |TAMS 0x000000008b000000, 0x000000008b000000| Complete 
| 153|0x000000008b100000, 0x000000008b200000, 0x000000008b200000|100%|HC|  |TAMS 0x000000008b100000, 0x000000008b100000| Complete 
| 154|0x000000008b200000, 0x000000008b300000, 0x000000008b300000|100%|HS|  |TAMS 0x000000008b200000, 0x000000008b200000| Complete 
| 155|0x000000008b300000, 0x000000008b400000, 0x000000008b400000|100%|HC|  |TAMS 0x000000008b300000, 0x000000008b300000| Complete 
| 156|0x000000008b400000, 0x000000008b500000, 0x000000008b500000|100%|HC|  |TAMS 0x000000008b400000, 0x000000008b400000| Complete 
| 157|0x000000008b500000, 0x000000008b600000, 0x000000008b600000|100%|HS|  |TAMS 0x000000008b500000, 0x000000008b500000| Complete 
| 158|0x000000008b600000, 0x000000008b700000, 0x000000008b700000|100%|HS|  |TAMS 0x000000008b600000, 0x000000008b600000| Complete 
| 159|0x000000008b700000, 0x000000008b800000, 0x000000008b800000|100%|HC|  |TAMS 0x000000008b700000, 0x000000008b700000| Complete 
| 160|0x000000008b800000, 0x000000008b900000, 0x000000008b900000|100%|HS|  |TAMS 0x000000008b800000, 0x000000008b800000| Complete 
| 161|0x000000008b900000, 0x000000008ba00000, 0x000000008ba00000|100%|HC|  |TAMS 0x000000008b900000, 0x000000008b900000| Complete 
| 162|0x000000008ba00000, 0x000000008bb00000, 0x000000008bb00000|100%|HC|  |TAMS 0x000000008ba00000, 0x000000008ba00000| Complete 
| 163|0x000000008bb00000, 0x000000008bc00000, 0x000000008bc00000|100%|HS|  |TAMS 0x000000008bb00000, 0x000000008bb00000| Complete 
| 164|0x000000008bc00000, 0x000000008bd00000, 0x000000008bd00000|100%|HS|  |TAMS 0x000000008bc00000, 0x000000008bc00000| Complete 
| 165|0x000000008bd00000, 0x000000008be00000, 0x000000008be00000|100%|HC|  |TAMS 0x000000008bd00000, 0x000000008bd00000| Complete 
| 166|0x000000008be00000, 0x000000008bf00000, 0x000000008bf00000|100%|HS|  |TAMS 0x000000008be00000, 0x000000008be00000| Complete 
| 167|0x000000008bf00000, 0x000000008c000000, 0x000000008c000000|100%|HC|  |TAMS 0x000000008bf00000, 0x000000008bf00000| Complete 
| 168|0x000000008c000000, 0x000000008c100000, 0x000000008c100000|100%|HC|  |TAMS 0x000000008c000000, 0x000000008c000000| Complete 
| 169|0x000000008c100000, 0x000000008c200000, 0x000000008c200000|100%|HS|  |TAMS 0x000000008c100000, 0x000000008c100000| Complete 
| 170|0x000000008c200000, 0x000000008c300000, 0x000000008c300000|100%|HS|  |TAMS 0x000000008c200000, 0x000000008c200000| Complete 
| 171|0x000000008c300000, 0x000000008c400000, 0x000000008c400000|100%|HC|  |TAMS 0x000000008c300000, 0x000000008c300000| Complete 
| 172|0x000000008c400000, 0x000000008c500000, 0x000000008c500000|100%|HS|  |TAMS 0x000000008c400000, 0x000000008c400000| Complete 
| 173|0x000000008c500000, 0x000000008c600000, 0x000000008c600000|100%|HC|  |TAMS 0x000000008c500000, 0x000000008c500000| Complete 
| 174|0x000000008c600000, 0x000000008c700000, 0x000000008c700000|100%|HC|  |TAMS 0x000000008c600000, 0x000000008c600000| Complete 
| 175|0x000000008c700000, 0x000000008c800000, 0x000000008c800000|100%|HS|  |TAMS 0x000000008c700000, 0x000000008c700000| Complete 
| 176|0x000000008c800000, 0x000000008c900000, 0x000000008c900000|100%|HS|  |TAMS 0x000000008c800000, 0x000000008c800000| Complete 
| 177|0x000000008c900000, 0x000000008ca00000, 0x000000008ca00000|100%|HC|  |TAMS 0x000000008c900000, 0x000000008c900000| Complete 
| 178|0x000000008ca00000, 0x000000008cb00000, 0x000000008cb00000|100%|HS|  |TAMS 0x000000008ca00000, 0x000000008ca00000| Complete 
| 179|0x000000008cb00000, 0x000000008cc00000, 0x000000008cc00000|100%|HC|  |TAMS 0x000000008cb00000, 0x000000008cb00000| Complete 
| 180|0x000000008cc00000, 0x000000008cd00000, 0x000000008cd00000|100%|HC|  |TAMS 0x000000008cc00000, 0x000000008cc00000| Complete 
| 181|0x000000008cd00000, 0x000000008ce00000, 0x000000008ce00000|100%|HS|  |TAMS 0x000000008cd00000, 0x000000008cd00000| Complete 
| 182|0x000000008ce00000, 0x000000008cf00000, 0x000000008cf00000|100%|HS|  |TAMS 0x000000008ce00000, 0x000000008ce00000| Complete 
| 183|0x000000008cf00000, 0x000000008d000000, 0x000000008d000000|100%|HC|  |TAMS 0x000000008cf00000, 0x000000008cf00000| Complete 
| 184|0x000000008d000000, 0x000000008d100000, 0x000000008d100000|100%|HS|  |TAMS 0x000000008d000000, 0x000000008d000000| Complete 
| 185|0x000000008d100000, 0x000000008d200000, 0x000000008d200000|100%|HC|  |TAMS 0x000000008d100000, 0x000000008d100000| Complete 
| 186|0x000000008d200000, 0x000000008d300000, 0x000000008d300000|100%|HC|  |TAMS 0x000000008d200000, 0x000000008d200000| Complete 
| 187|0x000000008d300000, 0x000000008d400000, 0x000000008d400000|100%|HS|  |TAMS 0x000000008d300000, 0x000000008d300000| Complete 
| 188|0x000000008d400000, 0x000000008d500000, 0x000000008d500000|100%|HS|  |TAMS 0x000000008d400000, 0x000000008d400000| Complete 
| 189|0x000000008d500000, 0x000000008d600000, 0x000000008d600000|100%|HC|  |TAMS 0x000000008d500000, 0x000000008d500000| Complete 
| 190|0x000000008d600000, 0x000000008d700000, 0x000000008d700000|100%|HS|  |TAMS 0x000000008d600000, 0x000000008d600000| Complete 
| 191|0x000000008d700000, 0x000000008d800000, 0x000000008d800000|100%|HC|  |TAMS 0x000000008d700000, 0x000000008d700000| Complete 
| 192|0x000000008d800000, 0x000000008d900000, 0x000000008d900000|100%|HC|  |TAMS 0x000000008d800000, 0x000000008d800000| Complete 
| 193|0x000000008d900000, 0x000000008da00000, 0x000000008da00000|100%|HS|  |TAMS 0x000000008d900000, 0x000000008d900000| Complete 
| 194|0x000000008da00000, 0x000000008db00000, 0x000000008db00000|100%|HS|  |TAMS 0x000000008da00000, 0x000000008da00000| Complete 
| 195|0x000000008db00000, 0x000000008dc00000, 0x000000008dc00000|100%|HC|  |TAMS 0x000000008db00000, 0x000000008db00000| Complete 
| 196|0x000000008dc00000, 0x000000008dd00000, 0x000000008dd00000|100%|HS|  |TAMS 0x000000008dc00000, 0x000000008dc00000| Complete 
| 197|0x000000008dd00000, 0x000000008de00000, 0x000000008de00000|100%|HC|  |TAMS 0x000000008dd00000, 0x000000008dd00000| Complete 
| 198|0x000000008de00000, 0x000000008df00000, 0x000000008df00000|100%|HC|  |TAMS 0x000000008de00000, 0x000000008de00000| Complete 
| 199|0x000000008df00000, 0x000000008e000000, 0x000000008e000000|100%|HS|  |TAMS 0x000000008df00000, 0x000000008df00000| Complete 
| 200|0x000000008e000000, 0x000000008e100000, 0x000000008e100000|100%|HS|  |TAMS 0x000000008e000000, 0x000000008e000000| Complete 
| 201|0x000000008e100000, 0x000000008e200000, 0x000000008e200000|100%|HC|  |TAMS 0x000000008e100000, 0x000000008e100000| Complete 
| 202|0x000000008e200000, 0x000000008e300000, 0x000000008e300000|100%|HS|  |TAMS 0x000000008e200000, 0x000000008e200000| Complete 
| 203|0x000000008e300000, 0x000000008e400000, 0x000000008e400000|100%|HC|  |TAMS 0x000000008e300000, 0x000000008e300000| Complete 
| 204|0x000000008e400000, 0x000000008e500000, 0x000000008e500000|100%|HC|  |TAMS 0x000000008e400000, 0x000000008e400000| Complete 
| 205|0x000000008e500000, 0x000000008e600000, 0x000000008e600000|100%|HS|  |TAMS 0x000000008e500000, 0x000000008e500000| Complete 
| 206|0x000000008e600000, 0x000000008e700000, 0x000000008e700000|100%|HS|  |TAMS 0x000000008e600000, 0x000000008e600000| Complete 
| 207|0x000000008e700000, 0x000000008e800000, 0x000000008e800000|100%|HC|  |TAMS 0x000000008e700000, 0x000000008e700000| Complete 
| 208|0x000000008e800000, 0x000000008e900000, 0x000000008e900000|100%|HS|  |TAMS 0x000000008e800000, 0x000000008e800000| Complete 
| 209|0x000000008e900000, 0x000000008ea00000, 0x000000008ea00000|100%|HC|  |TAMS 0x000000008e900000, 0x000000008e900000| Complete 
| 210|0x000000008ea00000, 0x000000008eb00000, 0x000000008eb00000|100%|HC|  |TAMS 0x000000008ea00000, 0x000000008ea00000| Complete 
| 211|0x000000008eb00000, 0x000000008ec00000, 0x000000008ec00000|100%|HS|  |TAMS 0x000000008eb00000, 0x000000008eb00000| Complete 
| 212|0x000000008ec00000, 0x000000008ed00000, 0x000000008ed00000|100%|HS|  |TAMS 0x000000008ec00000, 0x000000008ec00000| Complete 
| 213|0x000000008ed00000, 0x000000008ee00000, 0x000000008ee00000|100%|HC|  |TAMS 0x000000008ed00000, 0x000000008ed00000| Complete 
| 214|0x000000008ee00000, 0x000000008ef00000, 0x000000008ef00000|100%|HS|  |TAMS 0x000000008ee00000, 0x000000008ee00000| Complete 
| 215|0x000000008ef00000, 0x000000008f000000, 0x000000008f000000|100%|HC|  |TAMS 0x000000008ef00000, 0x000000008ef00000| Complete 
| 216|0x000000008f000000, 0x000000008f100000, 0x000000008f100000|100%|HC|  |TAMS 0x000000008f000000, 0x000000008f000000| Complete 
| 217|0x000000008f100000, 0x000000008f200000, 0x000000008f200000|100%|HS|  |TAMS 0x000000008f100000, 0x000000008f100000| Complete 
| 218|0x000000008f200000, 0x000000008f300000, 0x000000008f300000|100%|HS|  |TAMS 0x000000008f200000, 0x000000008f200000| Complete 
| 219|0x000000008f300000, 0x000000008f400000, 0x000000008f400000|100%|HC|  |TAMS 0x000000008f300000, 0x000000008f300000| Complete 
| 220|0x000000008f400000, 0x000000008f500000, 0x000000008f500000|100%|HS|  |TAMS 0x000000008f400000, 0x000000008f400000| Complete 
| 221|0x000000008f500000, 0x000000008f600000, 0x000000008f600000|100%|HC|  |TAMS 0x000000008f500000, 0x000000008f500000| Complete 
| 222|0x000000008f600000, 0x000000008f700000, 0x000000008f700000|100%|HC|  |TAMS 0x000000008f600000, 0x000000008f600000| Complete 
| 223|0x000000008f700000, 0x000000008f800000, 0x000000008f800000|100%|HS|  |TAMS 0x000000008f700000, 0x000000008f700000| Complete 
| 224|0x000000008f800000, 0x000000008f900000, 0x000000008f900000|100%|HS|  |TAMS 0x000000008f800000, 0x000000008f800000| Complete 
| 225|0x000000008f900000, 0x000000008fa00000, 0x000000008fa00000|100%|HC|  |TAMS 0x000000008f900000, 0x000000008f900000| Complete 
| 226|0x000000008fa00000, 0x000000008fb00000, 0x000000008fb00000|100%|HS|  |TAMS 0x000000008fa00000, 0x000000008fa00000| Complete 
| 227|0x000000008fb00000, 0x000000008fc00000, 0x000000008fc00000|100%|HC|  |TAMS 0x000000008fb00000, 0x000000008fb00000| Complete 
| 228|0x000000008fc00000, 0x000000008fd00000, 0x000000008fd00000|100%|HC|  |TAMS 0x000000008fc00000, 0x000000008fc00000| Complete 
| 229|0x000000008fd00000, 0x000000008fe00000, 0x000000008fe00000|100%|HS|  |TAMS 0x000000008fd00000, 0x000000008fd00000| Complete 
| 230|0x000000008fe00000, 0x000000008ff00000, 0x000000008ff00000|100%|HS|  |TAMS 0x000000008fe00000, 0x000000008fe00000| Complete 
| 231|0x000000008ff00000, 0x0000000090000000, 0x0000000090000000|100%|HC|  |TAMS 0x000000008ff00000, 0x000000008ff00000| Complete 
| 232|0x0000000090000000, 0x0000000090100000, 0x0000000090100000|100%|HS|  |TAMS 0x0000000090000000, 0x0000000090000000| Complete 
| 233|0x0000000090100000, 0x0000000090200000, 0x0000000090200000|100%|HC|  |TAMS 0x0000000090100000, 0x0000000090100000| Complete 
| 234|0x0000000090200000, 0x0000000090300000, 0x0000000090300000|100%|HC|  |TAMS 0x0000000090200000, 0x0000000090200000| Complete 
| 235|0x0000000090300000, 0x0000000090400000, 0x0000000090400000|100%|HS|  |TAMS 0x0000000090300000, 0x0000000090300000| Complete 
| 236|0x0000000090400000, 0x0000000090500000, 0x0000000090500000|100%|HS|  |TAMS 0x0000000090400000, 0x0000000090400000| Complete 
| 237|0x0000000090500000, 0x0000000090600000, 0x0000000090600000|100%|HC|  |TAMS 0x0000000090500000, 0x0000000090500000| Complete 
| 238|0x0000000090600000, 0x0000000090700000, 0x0000000090700000|100%|HS|  |TAMS 0x0000000090600000, 0x0000000090600000| Complete 
| 239|0x0000000090700000, 0x0000000090800000, 0x0000000090800000|100%|HC|  |TAMS 0x0000000090700000, 0x0000000090700000| Complete 
| 240|0x0000000090800000, 0x0000000090900000, 0x0000000090900000|100%|HC|  |TAMS 0x0000000090800000, 0x0000000090800000| Complete 
| 241|0x0000000090900000, 0x0000000090900000, 0x0000000090a00000|  0%| F|  |TAMS 0x0000000090900000, 0x0000000090900000| Untracked 
| 242|0x0000000090a00000, 0x0000000090a00000, 0x0000000090b00000|  0%| F|  |TAMS 0x0000000090a00000, 0x0000000090a00000| Untracked 
| 243|0x0000000090b00000, 0x0000000090b00000, 0x0000000090c00000|  0%| F|  |TAMS 0x0000000090b00000, 0x0000000090b00000| Untracked 
| 244|0x0000000090c00000, 0x0000000090c00000, 0x0000000090d00000|  0%| F|  |TAMS 0x0000000090c00000, 0x0000000090c00000| Untracked 
| 245|0x0000000090d00000, 0x0000000090d00000, 0x0000000090e00000|  0%| F|  |TAMS 0x0000000090d00000, 0x0000000090d00000| Untracked 
| 246|0x0000000090e00000, 0x0000000090e00000, 0x0000000090f00000|  0%| F|  |TAMS 0x0000000090e00000, 0x0000000090e00000| Untracked 
| 247|0x0000000090f00000, 0x0000000090f00000, 0x0000000091000000|  0%| F|  |TAMS 0x0000000090f00000, 0x0000000090f00000| Untracked 
| 248|0x0000000091000000, 0x0000000091000000, 0x0000000091100000|  0%| F|  |TAMS 0x0000000091000000, 0x0000000091000000| Untracked 
| 249|0x0000000091100000, 0x0000000091100000, 0x0000000091200000|  0%| F|  |TAMS 0x0000000091100000, 0x0000000091100000| Untracked 
| 250|0x0000000091200000, 0x0000000091200000, 0x0000000091300000|  0%| F|  |TAMS 0x0000000091200000, 0x0000000091200000| Untracked 
| 251|0x0000000091300000, 0x0000000091300000, 0x0000000091400000|  0%| F|  |TAMS 0x0000000091300000, 0x0000000091300000| Untracked 
| 252|0x0000000091400000, 0x0000000091400000, 0x0000000091500000|  0%| F|  |TAMS 0x0000000091400000, 0x0000000091400000| Untracked 
| 253|0x0000000091500000, 0x0000000091500000, 0x0000000091600000|  0%| F|  |TAMS 0x0000000091500000, 0x0000000091500000| Untracked 
| 254|0x0000000091600000, 0x0000000091600000, 0x0000000091700000|  0%| F|  |TAMS 0x0000000091600000, 0x0000000091600000| Untracked 
| 255|0x0000000091700000, 0x0000000091700000, 0x0000000091800000|  0%| F|  |TAMS 0x0000000091700000, 0x0000000091700000| Untracked 
| 256|0x0000000091800000, 0x0000000091800000, 0x0000000091900000|  0%| F|  |TAMS 0x0000000091800000, 0x0000000091800000| Untracked 
| 257|0x0000000091900000, 0x0000000091900000, 0x0000000091a00000|  0%| F|  |TAMS 0x0000000091900000, 0x0000000091900000| Untracked 
| 258|0x0000000091a00000, 0x0000000091a00000, 0x0000000091b00000|  0%| F|  |TAMS 0x0000000091a00000, 0x0000000091a00000| Untracked 
| 259|0x0000000091b00000, 0x0000000091b00000, 0x0000000091c00000|  0%| F|  |TAMS 0x0000000091b00000, 0x0000000091b00000| Untracked 
| 260|0x0000000091c00000, 0x0000000091c00000, 0x0000000091d00000|  0%| F|  |TAMS 0x0000000091c00000, 0x0000000091c00000| Untracked 
| 261|0x0000000091d00000, 0x0000000091d00000, 0x0000000091e00000|  0%| F|  |TAMS 0x0000000091d00000, 0x0000000091d00000| Untracked 
| 262|0x0000000091e00000, 0x0000000091e00000, 0x0000000091f00000|  0%| F|  |TAMS 0x0000000091e00000, 0x0000000091e00000| Untracked 
| 263|0x0000000091f00000, 0x0000000091f00000, 0x0000000092000000|  0%| F|  |TAMS 0x0000000091f00000, 0x0000000091f00000| Untracked 
| 264|0x0000000092000000, 0x0000000092000000, 0x0000000092100000|  0%| F|  |TAMS 0x0000000092000000, 0x0000000092000000| Untracked 
| 265|0x0000000092100000, 0x0000000092100000, 0x0000000092200000|  0%| F|  |TAMS 0x0000000092100000, 0x0000000092100000| Untracked 
| 266|0x0000000092200000, 0x0000000092200000, 0x0000000092300000|  0%| F|  |TAMS 0x0000000092200000, 0x0000000092200000| Untracked 
| 267|0x0000000092300000, 0x0000000092300000, 0x0000000092400000|  0%| F|  |TAMS 0x0000000092300000, 0x0000000092300000| Untracked 
| 268|0x0000000092400000, 0x0000000092400000, 0x0000000092500000|  0%| F|  |TAMS 0x0000000092400000, 0x0000000092400000| Untracked 
| 269|0x0000000092500000, 0x0000000092500000, 0x0000000092600000|  0%| F|  |TAMS 0x0000000092500000, 0x0000000092500000| Untracked 
| 270|0x0000000092600000, 0x0000000092600000, 0x0000000092700000|  0%| F|  |TAMS 0x0000000092600000, 0x0000000092600000| Untracked 
| 271|0x0000000092700000, 0x0000000092700000, 0x0000000092800000|  0%| F|  |TAMS 0x0000000092700000, 0x0000000092700000| Untracked 
| 272|0x0000000092800000, 0x0000000092800000, 0x0000000092900000|  0%| F|  |TAMS 0x0000000092800000, 0x0000000092800000| Untracked 
| 273|0x0000000092900000, 0x0000000092900000, 0x0000000092a00000|  0%| F|  |TAMS 0x0000000092900000, 0x0000000092900000| Untracked 
| 274|0x0000000092a00000, 0x0000000092a00000, 0x0000000092b00000|  0%| F|  |TAMS 0x0000000092a00000, 0x0000000092a00000| Untracked 
| 275|0x0000000092b00000, 0x0000000092b00000, 0x0000000092c00000|  0%| F|  |TAMS 0x0000000092b00000, 0x0000000092b00000| Untracked 
| 276|0x0000000092c00000, 0x0000000092c00000, 0x0000000092d00000|  0%| F|  |TAMS 0x0000000092c00000, 0x0000000092c00000| Untracked 
| 277|0x0000000092d00000, 0x0000000092d00000, 0x0000000092e00000|  0%| F|  |TAMS 0x0000000092d00000, 0x0000000092d00000| Untracked 
| 278|0x0000000092e00000, 0x0000000092e00000, 0x0000000092f00000|  0%| F|  |TAMS 0x0000000092e00000, 0x0000000092e00000| Untracked 
| 279|0x0000000092f00000, 0x0000000092f00000, 0x0000000093000000|  0%| F|  |TAMS 0x0000000092f00000, 0x0000000092f00000| Untracked 
| 280|0x0000000093000000, 0x0000000093000000, 0x0000000093100000|  0%| F|  |TAMS 0x0000000093000000, 0x0000000093000000| Untracked 
| 281|0x0000000093100000, 0x0000000093100000, 0x0000000093200000|  0%| F|  |TAMS 0x0000000093100000, 0x0000000093100000| Untracked 
| 282|0x0000000093200000, 0x00000000932bf4b0, 0x0000000093300000| 74%| S|CS|TAMS 0x0000000093200000, 0x0000000093200000| Complete 
| 283|0x0000000093300000, 0x0000000093300000, 0x0000000093400000|  0%| F|  |TAMS 0x0000000093300000, 0x0000000093300000| Untracked 
| 284|0x0000000093400000, 0x0000000093400000, 0x0000000093500000|  0%| F|  |TAMS 0x0000000093400000, 0x0000000093400000| Untracked 
| 285|0x0000000093500000, 0x0000000093500000, 0x0000000093600000|  0%| F|  |TAMS 0x0000000093500000, 0x0000000093500000| Untracked 
| 286|0x0000000093600000, 0x0000000093600000, 0x0000000093700000|  0%| F|  |TAMS 0x0000000093600000, 0x0000000093600000| Untracked 
| 287|0x0000000093700000, 0x0000000093700000, 0x0000000093800000|  0%| F|  |TAMS 0x0000000093700000, 0x0000000093700000| Untracked 
| 288|0x0000000093800000, 0x0000000093800000, 0x0000000093900000|  0%| F|  |TAMS 0x0000000093800000, 0x0000000093800000| Untracked 
| 289|0x0000000093900000, 0x0000000093900000, 0x0000000093a00000|  0%| F|  |TAMS 0x0000000093900000, 0x0000000093900000| Untracked 
| 290|0x0000000093a00000, 0x0000000093a00000, 0x0000000093b00000|  0%| F|  |TAMS 0x0000000093a00000, 0x0000000093a00000| Untracked 
| 291|0x0000000093b00000, 0x0000000093b00000, 0x0000000093c00000|  0%| F|  |TAMS 0x0000000093b00000, 0x0000000093b00000| Untracked 
| 292|0x0000000093c00000, 0x0000000093c00000, 0x0000000093d00000|  0%| F|  |TAMS 0x0000000093c00000, 0x0000000093c00000| Untracked 
| 293|0x0000000093d00000, 0x0000000093d9cec8, 0x0000000093e00000| 61%| E|  |TAMS 0x0000000093d00000, 0x0000000093d00000| Complete 
| 294|0x0000000093e00000, 0x0000000093f00000, 0x0000000093f00000|100%| E|CS|TAMS 0x0000000093e00000, 0x0000000093e00000| Complete 
| 295|0x0000000093f00000, 0x0000000094000000, 0x0000000094000000|100%| E|CS|TAMS 0x0000000093f00000, 0x0000000093f00000| Complete 
| 296|0x0000000094000000, 0x0000000094100000, 0x0000000094100000|100%| E|CS|TAMS 0x0000000094000000, 0x0000000094000000| Complete 
| 297|0x0000000094100000, 0x0000000094200000, 0x0000000094200000|100%| E|  |TAMS 0x0000000094100000, 0x0000000094100000| Complete 
| 298|0x0000000094200000, 0x0000000094300000, 0x0000000094300000|100%| E|CS|TAMS 0x0000000094200000, 0x0000000094200000| Complete 
| 299|0x0000000094300000, 0x0000000094400000, 0x0000000094400000|100%| E|CS|TAMS 0x0000000094300000, 0x0000000094300000| Complete 
| 300|0x0000000094400000, 0x0000000094500000, 0x0000000094500000|100%| E|CS|TAMS 0x0000000094400000, 0x0000000094400000| Complete 
| 301|0x0000000094500000, 0x0000000094600000, 0x0000000094600000|100%| E|CS|TAMS 0x0000000094500000, 0x0000000094500000| Complete 
| 302|0x0000000094600000, 0x0000000094700000, 0x0000000094700000|100%| E|CS|TAMS 0x0000000094600000, 0x0000000094600000| Complete 
| 303|0x0000000094700000, 0x0000000094800000, 0x0000000094800000|100%| E|CS|TAMS 0x0000000094700000, 0x0000000094700000| Complete 
| 304|0x0000000094800000, 0x0000000094900000, 0x0000000094900000|100%| E|CS|TAMS 0x0000000094800000, 0x0000000094800000| Complete 
| 305|0x0000000094900000, 0x0000000094900000, 0x0000000094a00000|  0%| F|  |TAMS 0x0000000094900000, 0x0000000094900000| Untracked 
| 306|0x0000000094a00000, 0x0000000094a00000, 0x0000000094b00000|  0%| F|  |TAMS 0x0000000094a00000, 0x0000000094a00000| Untracked 
| 307|0x0000000094b00000, 0x0000000094b00000, 0x0000000094c00000|  0%| F|  |TAMS 0x0000000094b00000, 0x0000000094b00000| Untracked 
| 308|0x0000000094c00000, 0x0000000094c00000, 0x0000000094d00000|  0%| F|  |TAMS 0x0000000094c00000, 0x0000000094c00000| Untracked 
| 309|0x0000000094d00000, 0x0000000094d00000, 0x0000000094e00000|  0%| F|  |TAMS 0x0000000094d00000, 0x0000000094d00000| Untracked 
| 310|0x0000000094e00000, 0x0000000094e00000, 0x0000000094f00000|  0%| F|  |TAMS 0x0000000094e00000, 0x0000000094e00000| Untracked 
| 311|0x0000000094f00000, 0x0000000094f00000, 0x0000000095000000|  0%| F|  |TAMS 0x0000000094f00000, 0x0000000094f00000| Untracked 
| 312|0x0000000095000000, 0x0000000095000000, 0x0000000095100000|  0%| F|  |TAMS 0x0000000095000000, 0x0000000095000000| Untracked 
| 313|0x0000000095100000, 0x0000000095100000, 0x0000000095200000|  0%| F|  |TAMS 0x0000000095100000, 0x0000000095100000| Untracked 
| 314|0x0000000095200000, 0x0000000095200000, 0x0000000095300000|  0%| F|  |TAMS 0x0000000095200000, 0x0000000095200000| Untracked 
| 315|0x0000000095300000, 0x0000000095300000, 0x0000000095400000|  0%| F|  |TAMS 0x0000000095300000, 0x0000000095300000| Untracked 
| 316|0x0000000095400000, 0x0000000095400000, 0x0000000095500000|  0%| F|  |TAMS 0x0000000095400000, 0x0000000095400000| Untracked 
| 317|0x0000000095500000, 0x0000000095500000, 0x0000000095600000|  0%| F|  |TAMS 0x0000000095500000, 0x0000000095500000| Untracked 
| 318|0x0000000095600000, 0x0000000095600000, 0x0000000095700000|  0%| F|  |TAMS 0x0000000095600000, 0x0000000095600000| Untracked 
| 319|0x0000000095700000, 0x0000000095700000, 0x0000000095800000|  0%| F|  |TAMS 0x0000000095700000, 0x0000000095700000| Untracked 
| 320|0x0000000095800000, 0x0000000095800000, 0x0000000095900000|  0%| F|  |TAMS 0x0000000095800000, 0x0000000095800000| Untracked 
| 321|0x0000000095900000, 0x0000000095900000, 0x0000000095a00000|  0%| F|  |TAMS 0x0000000095900000, 0x0000000095900000| Untracked 
| 322|0x0000000095a00000, 0x0000000095a00000, 0x0000000095b00000|  0%| F|  |TAMS 0x0000000095a00000, 0x0000000095a00000| Untracked 
| 323|0x0000000095b00000, 0x0000000095b00000, 0x0000000095c00000|  0%| F|  |TAMS 0x0000000095b00000, 0x0000000095b00000| Untracked 
| 324|0x0000000095c00000, 0x0000000095c00000, 0x0000000095d00000|  0%| F|  |TAMS 0x0000000095c00000, 0x0000000095c00000| Untracked 
| 325|0x0000000095d00000, 0x0000000095d00000, 0x0000000095e00000|  0%| F|  |TAMS 0x0000000095d00000, 0x0000000095d00000| Untracked 
| 326|0x0000000095e00000, 0x0000000095e00000, 0x0000000095f00000|  0%| F|  |TAMS 0x0000000095e00000, 0x0000000095e00000| Untracked 
| 327|0x0000000095f00000, 0x0000000095f00000, 0x0000000096000000|  0%| F|  |TAMS 0x0000000095f00000, 0x0000000095f00000| Untracked 
| 328|0x0000000096000000, 0x0000000096000000, 0x0000000096100000|  0%| F|  |TAMS 0x0000000096000000, 0x0000000096000000| Untracked 
| 329|0x0000000096100000, 0x0000000096100000, 0x0000000096200000|  0%| F|  |TAMS 0x0000000096100000, 0x0000000096100000| Untracked 
| 330|0x0000000096200000, 0x0000000096200000, 0x0000000096300000|  0%| F|  |TAMS 0x0000000096200000, 0x0000000096200000| Untracked 
| 331|0x0000000096300000, 0x0000000096300000, 0x0000000096400000|  0%| F|  |TAMS 0x0000000096300000, 0x0000000096300000| Untracked 
| 332|0x0000000096400000, 0x0000000096400000, 0x0000000096500000|  0%| F|  |TAMS 0x0000000096400000, 0x0000000096400000| Untracked 
| 333|0x0000000096500000, 0x0000000096500000, 0x0000000096600000|  0%| F|  |TAMS 0x0000000096500000, 0x0000000096500000| Untracked 
| 334|0x0000000096600000, 0x0000000096600000, 0x0000000096700000|  0%| F|  |TAMS 0x0000000096600000, 0x0000000096600000| Untracked 
| 335|0x0000000096700000, 0x0000000096700000, 0x0000000096800000|  0%| F|  |TAMS 0x0000000096700000, 0x0000000096700000| Untracked 
| 336|0x0000000096800000, 0x0000000096800000, 0x0000000096900000|  0%| F|  |TAMS 0x0000000096800000, 0x0000000096800000| Untracked 
| 337|0x0000000096900000, 0x0000000096900000, 0x0000000096a00000|  0%| F|  |TAMS 0x0000000096900000, 0x0000000096900000| Untracked 
| 338|0x0000000096a00000, 0x0000000096a00000, 0x0000000096b00000|  0%| F|  |TAMS 0x0000000096a00000, 0x0000000096a00000| Untracked 
| 339|0x0000000096b00000, 0x0000000096b00000, 0x0000000096c00000|  0%| F|  |TAMS 0x0000000096b00000, 0x0000000096b00000| Untracked 
| 340|0x0000000096c00000, 0x0000000096c00000, 0x0000000096d00000|  0%| F|  |TAMS 0x0000000096c00000, 0x0000000096c00000| Untracked 
| 341|0x0000000096d00000, 0x0000000096d00000, 0x0000000096e00000|  0%| F|  |TAMS 0x0000000096d00000, 0x0000000096d00000| Untracked 
| 342|0x0000000096e00000, 0x0000000096e00000, 0x0000000096f00000|  0%| F|  |TAMS 0x0000000096e00000, 0x0000000096e00000| Untracked 
| 343|0x0000000096f00000, 0x0000000096f00000, 0x0000000097000000|  0%| F|  |TAMS 0x0000000096f00000, 0x0000000096f00000| Untracked 
| 344|0x0000000097000000, 0x0000000097000000, 0x0000000097100000|  0%| F|  |TAMS 0x0000000097000000, 0x0000000097000000| Untracked 
| 345|0x0000000097100000, 0x0000000097100000, 0x0000000097200000|  0%| F|  |TAMS 0x0000000097100000, 0x0000000097100000| Untracked 
| 346|0x0000000097200000, 0x0000000097200000, 0x0000000097300000|  0%| F|  |TAMS 0x0000000097200000, 0x0000000097200000| Untracked 
| 347|0x0000000097300000, 0x0000000097300000, 0x0000000097400000|  0%| F|  |TAMS 0x0000000097300000, 0x0000000097300000| Untracked 
| 348|0x0000000097400000, 0x0000000097400000, 0x0000000097500000|  0%| F|  |TAMS 0x0000000097400000, 0x0000000097400000| Untracked 
| 349|0x0000000097500000, 0x0000000097500000, 0x0000000097600000|  0%| F|  |TAMS 0x0000000097500000, 0x0000000097500000| Untracked 
| 350|0x0000000097600000, 0x0000000097600000, 0x0000000097700000|  0%| F|  |TAMS 0x0000000097600000, 0x0000000097600000| Untracked 
| 351|0x0000000097700000, 0x0000000097700000, 0x0000000097800000|  0%| F|  |TAMS 0x0000000097700000, 0x0000000097700000| Untracked 
| 352|0x0000000097800000, 0x0000000097800000, 0x0000000097900000|  0%| F|  |TAMS 0x0000000097800000, 0x0000000097800000| Untracked 
| 353|0x0000000097900000, 0x0000000097900000, 0x0000000097a00000|  0%| F|  |TAMS 0x0000000097900000, 0x0000000097900000| Untracked 
| 354|0x0000000097a00000, 0x0000000097a00000, 0x0000000097b00000|  0%| F|  |TAMS 0x0000000097a00000, 0x0000000097a00000| Untracked 
| 355|0x0000000097b00000, 0x0000000097b00000, 0x0000000097c00000|  0%| F|  |TAMS 0x0000000097b00000, 0x0000000097b00000| Untracked 
| 356|0x0000000097c00000, 0x0000000097c00000, 0x0000000097d00000|  0%| F|  |TAMS 0x0000000097c00000, 0x0000000097c00000| Untracked 
| 357|0x0000000097d00000, 0x0000000097d00000, 0x0000000097e00000|  0%| F|  |TAMS 0x0000000097d00000, 0x0000000097d00000| Untracked 
| 358|0x0000000097e00000, 0x0000000097e00000, 0x0000000097f00000|  0%| F|  |TAMS 0x0000000097e00000, 0x0000000097e00000| Untracked 
| 359|0x0000000097f00000, 0x0000000097f00000, 0x0000000098000000|  0%| F|  |TAMS 0x0000000097f00000, 0x0000000097f00000| Untracked 
| 360|0x0000000098000000, 0x0000000098000000, 0x0000000098100000|  0%| F|  |TAMS 0x0000000098000000, 0x0000000098000000| Untracked 
| 361|0x0000000098100000, 0x0000000098200000, 0x0000000098200000|100%| E|CS|TAMS 0x0000000098100000, 0x0000000098100000| Complete 
| 362|0x0000000098200000, 0x0000000098300000, 0x0000000098300000|100%| E|CS|TAMS 0x0000000098200000, 0x0000000098200000| Complete 
| 363|0x0000000098300000, 0x0000000098400000, 0x0000000098400000|100%| E|CS|TAMS 0x0000000098300000, 0x0000000098300000| Complete 
| 364|0x0000000098400000, 0x0000000098500000, 0x0000000098500000|100%| E|CS|TAMS 0x0000000098400000, 0x0000000098400000| Complete 
|2009|0x00000000ff100000, 0x00000000ff15f600, 0x00000000ff200000| 37%| O|  |TAMS 0x00000000ff100000, 0x00000000ff100000| Updating 
|2010|0x00000000ff200000, 0x00000000ff300000, 0x00000000ff300000|100%| O|  |TAMS 0x00000000ff200000, 0x00000000ff200000| Untracked 
|2011|0x00000000ff300000, 0x00000000ff400000, 0x00000000ff400000|100%| O|  |TAMS 0x00000000ff300000, 0x00000000ff300000| Untracked 
|2012|0x00000000ff400000, 0x00000000ff500000, 0x00000000ff500000|100%| O|  |TAMS 0x00000000ff400000, 0x00000000ff400000| Untracked 
|2013|0x00000000ff500000, 0x00000000ff600000, 0x00000000ff600000|100%| O|  |TAMS 0x00000000ff500000, 0x00000000ff500000| Untracked 
|2014|0x00000000ff600000, 0x00000000ff700000, 0x00000000ff700000|100%| O|  |TAMS 0x00000000ff600000, 0x00000000ff600000| Untracked 
|2015|0x00000000ff700000, 0x00000000ff800000, 0x00000000ff800000|100%| O|  |TAMS 0x00000000ff700000, 0x00000000ff700000| Untracked 
|2016|0x00000000ff800000, 0x00000000ff900000, 0x00000000ff900000|100%| O|  |TAMS 0x00000000ff800000, 0x00000000ff800000| Untracked 
|2017|0x00000000ff900000, 0x00000000ffa00000, 0x00000000ffa00000|100%| O|  |TAMS 0x00000000ff900000, 0x00000000ff900000| Untracked 
|2018|0x00000000ffa00000, 0x00000000ffb00000, 0x00000000ffb00000|100%| O|  |TAMS 0x00000000ffa00000, 0x00000000ffa00000| Untracked 
|2019|0x00000000ffb00000, 0x00000000ffc00000, 0x00000000ffc00000|100%| O|  |TAMS 0x00000000ffb00000, 0x00000000ffb00000| Untracked 
|2020|0x00000000ffc00000, 0x00000000ffd00000, 0x00000000ffd00000|100%| O|  |TAMS 0x00000000ffc00000, 0x00000000ffc00000| Untracked 
|2021|0x00000000ffd00000, 0x00000000ffe00000, 0x00000000ffe00000|100%| O|  |TAMS 0x00000000ffd00000, 0x00000000ffd00000| Untracked 
|2022|0x00000000ffe00000, 0x00000000fff00000, 0x00000000fff00000|100%| O|  |TAMS 0x00000000ffe00000, 0x00000000ffe00000| Untracked 
|2023|0x00000000fff00000, 0x0000000100000000, 0x0000000100000000|100%| O|  |TAMS 0x00000000fff00000, 0x00000000fff00000| Untracked 

Card table byte_map: [0x0000017c7fa60000,0x0000017c7fe60000] _byte_map_base: 0x0000017c7f654000

Marking Bits (Prev, Next): (CMBitMap*) 0x0000017c7f5c4470, (CMBitMap*) 0x0000017c7f5c44b0
 Prev Bits: [0x0000017c17560000, 0x0000017c19500000)
 Next Bits: [0x0000017c19500000, 0x0000017c1b4a0000)

Polling page: 0x0000017c7d3e0000

Metaspace:

Usage:
  Non-class:     37.82 MB capacity,    37.64 MB (>99%) used,   138.20 KB ( <1%) free+waste,    41.62 KB ( <1%) overhead. 
      Class:      6.57 MB capacity,     6.50 MB ( 99%) used,    54.88 KB ( <1%) free+waste,    16.31 KB ( <1%) overhead. 
       Both:     44.39 MB capacity,    44.15 MB (>99%) used,   193.07 KB ( <1%) free+waste,    57.94 KB ( <1%) overhead. 

Virtual space:
  Non-class space:       38.00 MB reserved,      37.92 MB (>99%) committed 
      Class space:        1.00 GB reserved,       6.70 MB ( <1%) committed 
             Both:        1.04 GB reserved,      44.62 MB (  4%) committed 

Chunk freelists:
   Non-Class:  104.00 KB
       Class:  23.00 KB
        Both:  127.00 KB

MaxMetaspaceSize: 17179869184.00 GB
CompressedClassSpaceSize: 1.00 GB

CodeHeap 'non-profiled nmethods': size=120000Kb used=3549Kb max_used=3549Kb free=116450Kb
 bounds [0x0000017c0fc30000, 0x0000017c0ffb0000, 0x0000017c17160000]
CodeHeap 'profiled nmethods': size=120000Kb used=9041Kb max_used=9041Kb free=110958Kb
 bounds [0x0000017c08700000, 0x0000017c08fe0000, 0x0000017c0fc30000]
CodeHeap 'non-nmethods': size=5760Kb used=1411Kb max_used=1508Kb free=4348Kb
 bounds [0x0000017c08160000, 0x0000017c083d0000, 0x0000017c08700000]
 total_blobs=5675 nmethods=4941 adapters=645
 compilation: enabled
              stopped_count=0, restarted_count=0
 full_count=0

Compilation events (20 events):
Event: 14.559 Thread 0x0000017c1e1d0060 5829       3       com.aspose.pdf.internal.l19u.l37j::lf (9 bytes)
Event: 14.559 Thread 0x0000017c1e1d0060 nmethod 5829 0x0000017c08c0bb90 code [0x0000017c08c0bd40, 0x0000017c08c0be88]
Event: 14.560 Thread 0x0000017c1e1d0060 5834       3       com.aspose.pdf.internal.l19u.l37y::lI (133 bytes)
Event: 14.560 Thread 0x0000017c1e1d0060 nmethod 5834 0x0000017c08fce690 code [0x0000017c08fce840, 0x0000017c08fceb18]
Event: 14.560 Thread 0x0000017c1d8587b0 nmethod 5827 0x0000017c0ffa6390 code [0x0000017c0ffa6520, 0x0000017c0ffa6898]
Event: 14.560 Thread 0x0000017c1d8587b0 5833       4       com.aspose.pdf.internal.ms.System.IO.l1j::writeByte (70 bytes)
Event: 14.564 Thread 0x0000017c1e1d0060 5837       3       com.aspose.pdf.internal.l6if.lf::lI (10 bytes)
Event: 14.564 Thread 0x0000017c1e1d0060 nmethod 5837 0x0000017c08fcec90 code [0x0000017c08fcee40, 0x0000017c08fcf0b8]
Event: 14.564 Thread 0x0000017c1e1d0060 5839       3       com.aspose.pdf.internal.l5y.lt$1$1::lI (40 bytes)
Event: 14.565 Thread 0x0000017c1e1d0060 nmethod 5839 0x0000017c08fcf210 code [0x0000017c08fcf400, 0x0000017c08fcf9f8]
Event: 14.565 Thread 0x0000017c1e1d0060 5838   !   3       com.aspose.pdf.internal.l5y.lt::lI (309 bytes)
Event: 14.566 Thread 0x0000017c1d8587b0 nmethod 5833 0x0000017c0ffa6b10 code [0x0000017c0ffa6ca0, 0x0000017c0ffa7118]
Event: 14.567 Thread 0x0000017c1e1d0060 nmethod 5838 0x0000017c08fcfb90 code [0x0000017c08fcffc0, 0x0000017c08fd2118]
Event: 14.567 Thread 0x0000017c1d8587b0 5831       4       com.aspose.pdf.internal.l19u.l29n::lf (47 bytes)
Event: 14.567 Thread 0x0000017c1e1d0060 5840  s    3       java.io.FileDescriptor::attach (73 bytes)
Event: 14.567 Thread 0x0000017c1e1d0060 nmethod 5840 0x0000017c08fd3090 code [0x0000017c08fd32c0, 0x0000017c08fd3e48]
Event: 14.568 Thread 0x0000017c1e1d0060 5841       1       com.aspose.pdf.internal.l19u.l37y::l2t (5 bytes)
Event: 14.568 Thread 0x0000017c1e1d0060 nmethod 5841 0x0000017c0ffa7310 code [0x0000017c0ffa74a0, 0x0000017c0ffa7558]
Event: 14.568 Thread 0x0000017c1e1d0060 5842       3       com.aspose.pdf.internal.ms.System.l13p::lI (31 bytes)
Event: 14.568 Thread 0x0000017c1e1d0060 nmethod 5842 0x0000017c08fd4190 code [0x0000017c08fd4340, 0x0000017c08fd45c8]

GC Heap History (20 events):
Event: 2.167 GC heap before
{Heap before GC invocations=5 (full 0):
 garbage-first heap   total 208896K, used 141312K [0x0000000081800000, 0x0000000100000000)
  region size 1024K, 54 young (55296K), 3 survivors (3072K)
 Metaspace       used 4672K, capacity 5949K, committed 6272K, reserved 1056768K
  class space    used 397K, capacity 530K, committed 640K, reserved 1048576K
}
Event: 2.211 GC heap after
{Heap after GC invocations=6 (full 0):
 garbage-first heap   total 208896K, used 108544K [0x0000000081800000, 0x0000000100000000)
  region size 1024K, 7 young (7168K), 7 survivors (7168K)
 Metaspace       used 4672K, capacity 5949K, committed 6272K, reserved 1056768K
  class space    used 397K, capacity 530K, committed 640K, reserved 1048576K
}
Event: 2.267 GC heap before
{Heap before GC invocations=6 (full 0):
 garbage-first heap   total 208896K, used 115712K [0x0000000081800000, 0x0000000100000000)
  region size 1024K, 15 young (15360K), 7 survivors (7168K)
 Metaspace       used 4672K, capacity 5949K, committed 6272K, reserved 1056768K
  class space    used 397K, capacity 530K, committed 640K, reserved 1048576K
}
Event: 2.275 GC heap after
{Heap after GC invocations=7 (full 0):
 garbage-first heap   total 208896K, used 114176K [0x0000000081800000, 0x0000000100000000)
  region size 1024K, 5 young (5120K), 5 survivors (5120K)
 Metaspace       used 4672K, capacity 5949K, committed 6272K, reserved 1056768K
  class space    used 397K, capacity 530K, committed 640K, reserved 1048576K
}
Event: 2.568 GC heap before
{Heap before GC invocations=8 (full 0):
 garbage-first heap   total 208896K, used 134656K [0x0000000081800000, 0x0000000100000000)
  region size 1024K, 31 young (31744K), 5 survivors (5120K)
 Metaspace       used 4672K, capacity 5949K, committed 6272K, reserved 1056768K
  class space    used 397K, capacity 530K, committed 640K, reserved 1048576K
}
Event: 2.579 GC heap after
{Heap after GC invocations=9 (full 0):
 garbage-first heap   total 208896K, used 104448K [0x0000000081800000, 0x0000000100000000)
  region size 1024K, 4 young (4096K), 4 survivors (4096K)
 Metaspace       used 4672K, capacity 5949K, committed 6272K, reserved 1056768K
  class space    used 397K, capacity 530K, committed 640K, reserved 1048576K
}
Event: 2.608 GC heap before
{Heap before GC invocations=9 (full 0):
 garbage-first heap   total 208896K, used 110592K [0x0000000081800000, 0x0000000100000000)
  region size 1024K, 10 young (10240K), 4 survivors (4096K)
 Metaspace       used 4672K, capacity 5949K, committed 6272K, reserved 1056768K
  class space    used 397K, capacity 530K, committed 640K, reserved 1048576K
}
Event: 2.624 GC heap after
{Heap after GC invocations=10 (full 0):
 garbage-first heap   total 373760K, used 94098K [0x0000000081800000, 0x0000000100000000)
  region size 1024K, 2 young (2048K), 2 survivors (2048K)
 Metaspace       used 4672K, capacity 5949K, committed 6272K, reserved 1056768K
  class space    used 397K, capacity 530K, committed 640K, reserved 1048576K
}
Event: 4.375 GC heap before
{Heap before GC invocations=10 (full 0):
 garbage-first heap   total 373760K, used 164754K [0x0000000081800000, 0x0000000100000000)
  region size 1024K, 65 young (66560K), 2 survivors (2048K)
 Metaspace       used 21068K, capacity 21192K, committed 21296K, reserved 1069056K
  class space    used 2586K, capacity 2645K, committed 2688K, reserved 1048576K
}
Event: 4.398 GC heap after
{Heap after GC invocations=11 (full 0):
 garbage-first heap   total 373760K, used 111616K [0x0000000081800000, 0x0000000100000000)
  region size 1024K, 19 young (19456K), 19 survivors (19456K)
 Metaspace       used 21068K, capacity 21192K, committed 21296K, reserved 1069056K
  class space    used 2586K, capacity 2645K, committed 2688K, reserved 1048576K
}
Event: 8.274 GC heap before
{Heap before GC invocations=12 (full 0):
 garbage-first heap   total 296960K, used 177152K [0x0000000081800000, 0x0000000100000000)
  region size 1024K, 108 young (110592K), 19 survivors (19456K)
 Metaspace       used 34714K, capacity 34872K, committed 35068K, reserved 1079296K
  class space    used 5325K, capacity 5408K, committed 5452K, reserved 1048576K
}
Event: 8.311 GC heap after
{Heap after GC invocations=13 (full 0):
 garbage-first heap   total 296960K, used 94404K [0x0000000081800000, 0x0000000100000000)
  region size 1024K, 10 young (10240K), 10 survivors (10240K)
 Metaspace       used 34714K, capacity 34872K, committed 35068K, reserved 1079296K
  class space    used 5325K, capacity 5408K, committed 5452K, reserved 1048576K
}
Event: 12.436 GC heap before
{Heap before GC invocations=14 (full 0):
 garbage-first heap   total 296960K, used 187588K [0x0000000081800000, 0x0000000100000000)
  region size 1024K, 101 young (103424K), 10 survivors (10240K)
 Metaspace       used 38866K, capacity 39050K, committed 39292K, reserved 1083392K
  class space    used 5730K, capacity 5794K, committed 5836K, reserved 1048576K
}
Event: 12.455 GC heap after
{Heap after GC invocations=15 (full 0):
 garbage-first heap   total 296960K, used 100864K [0x0000000081800000, 0x0000000100000000)
  region size 1024K, 8 young (8192K), 8 survivors (8192K)
 Metaspace       used 38866K, capacity 39050K, committed 39292K, reserved 1083392K
  class space    used 5730K, capacity 5794K, committed 5836K, reserved 1048576K
}
Event: 14.305 GC heap before
{Heap before GC invocations=15 (full 0):
 garbage-first heap   total 296960K, used 233984K [0x0000000081800000, 0x0000000100000000)
  region size 1024K, 100 young (102400K), 8 survivors (8192K)
 Metaspace       used 45152K, capacity 45393K, committed 45692K, reserved 1087488K
  class space    used 6653K, capacity 6729K, committed 6860K, reserved 1048576K
}
Event: 14.327 GC heap after
{Heap after GC invocations=16 (full 0):
 garbage-first heap   total 296960K, used 119698K [0x0000000081800000, 0x0000000100000000)
  region size 1024K, 14 young (14336K), 14 survivors (14336K)
 Metaspace       used 45152K, capacity 45393K, committed 45692K, reserved 1087488K
  class space    used 6653K, capacity 6729K, committed 6860K, reserved 1048576K
}
Event: 14.382 GC heap before
{Heap before GC invocations=16 (full 0):
 garbage-first heap   total 307200K, used 306066K [0x0000000081800000, 0x0000000100000000)
  region size 1024K, 29 young (29696K), 14 survivors (14336K)
 Metaspace       used 45152K, capacity 45393K, committed 45692K, reserved 1087488K
  class space    used 6653K, capacity 6729K, committed 6860K, reserved 1048576K
}
Event: 14.401 GC heap after
{Heap after GC invocations=17 (full 0):
 garbage-first heap   total 324608K, used 122237K [0x0000000081800000, 0x0000000100000000)
  region size 1024K, 2 young (2048K), 2 survivors (2048K)
 Metaspace       used 45152K, capacity 45393K, committed 45692K, reserved 1087488K
  class space    used 6653K, capacity 6729K, committed 6860K, reserved 1048576K
}
Event: 14.478 GC heap before
{Heap before GC invocations=17 (full 0):
 garbage-first heap   total 330752K, used 329085K [0x0000000081800000, 0x0000000100000000)
  region size 1024K, 19 young (19456K), 2 survivors (2048K)
 Metaspace       used 45152K, capacity 45393K, committed 45692K, reserved 1087488K
  class space    used 6653K, capacity 6729K, committed 6860K, reserved 1048576K
}
Event: 14.479 GC heap after
{Heap after GC invocations=18 (full 0):
 garbage-first heap   total 331776K, used 120954K [0x0000000081800000, 0x0000000100000000)
  region size 1024K, 1 young (1024K), 1 survivors (1024K)
 Metaspace       used 45152K, capacity 45393K, committed 45692K, reserved 1087488K
  class space    used 6653K, capacity 6729K, committed 6860K, reserved 1048576K
}

Deoptimization events (20 events):
Event: 14.516 Thread 0x0000017c7f582bc0 DEOPT PACKING pc=0x0000017c0fc8f884 sp=0x0000006b557fe7d0
Event: 14.516 Thread 0x0000017c7f582bc0 DEOPT UNPACKING pc=0x0000017c081ae42f sp=0x0000006b557fe7a0 mode 2
Event: 14.516 Thread 0x0000017c7f582bc0 Uncommon trap: trap_request=0xffffff45 fr.pc=0x0000017c0fd19e20 relative=0x0000000000000500
Event: 14.516 Thread 0x0000017c7f582bc0 Uncommon trap: reason=unstable_if action=reinterpret pc=0x0000017c0fd19e20 method=com.aspose.pdf.internal.ms.System.IO.l1j.write([BII)V @ 81 c2
Event: 14.516 Thread 0x0000017c7f582bc0 DEOPT PACKING pc=0x0000017c0fd19e20 sp=0x0000006b557fe840
Event: 14.516 Thread 0x0000017c7f582bc0 DEOPT UNPACKING pc=0x0000017c081ae42f sp=0x0000006b557fe828 mode 2
Event: 14.541 Thread 0x0000017c7f582bc0 Uncommon trap: trap_request=0xffffff45 fr.pc=0x0000017c0ff637d8 relative=0x00000000000003b8
Event: 14.541 Thread 0x0000017c7f582bc0 Uncommon trap: reason=unstable_if action=reinterpret pc=0x0000017c0ff637d8 method=com.aspose.pdf.internal.ms.System.IO.l1j.writeByte(B)V @ 29 c2
Event: 14.541 Thread 0x0000017c7f582bc0 DEOPT PACKING pc=0x0000017c0ff637d8 sp=0x0000006b557fea30
Event: 14.541 Thread 0x0000017c7f582bc0 DEOPT UNPACKING pc=0x0000017c081ae42f sp=0x0000006b557fea08 mode 2
Event: 14.554 Thread 0x0000017c7f582bc0 Uncommon trap: trap_request=0xffffff45 fr.pc=0x0000017c0fe3c3e0 relative=0x0000000000000060
Event: 14.554 Thread 0x0000017c7f582bc0 Uncommon trap: reason=unstable_if action=reinterpret pc=0x0000017c0fe3c3e0 method=com.aspose.pdf.internal.l19u.l37j.lj()V @ 4 c2
Event: 14.554 Thread 0x0000017c7f582bc0 DEOPT PACKING pc=0x0000017c0fe3c3e0 sp=0x0000006b557fe960
Event: 14.554 Thread 0x0000017c7f582bc0 DEOPT UNPACKING pc=0x0000017c081ae42f sp=0x0000006b557fe858 mode 2
Event: 14.560 Thread 0x0000017c7f582bc0 DEOPT PACKING pc=0x0000017c08fcea99 sp=0x0000006b557fe830
Event: 14.560 Thread 0x0000017c7f582bc0 DEOPT UNPACKING pc=0x0000017c081ae23f sp=0x0000006b557fdca0 mode 0
Event: 14.561 Thread 0x0000017c7f582bc0 DEOPT PACKING pc=0x0000017c08fcea99 sp=0x0000006b557feac0
Event: 14.561 Thread 0x0000017c7f582bc0 DEOPT UNPACKING pc=0x0000017c081ae23f sp=0x0000006b557fdf30 mode 0
Event: 14.561 Thread 0x0000017c7f582bc0 DEOPT PACKING pc=0x0000017c08fcdbbc sp=0x0000006b557fea80
Event: 14.561 Thread 0x0000017c7f582bc0 DEOPT UNPACKING pc=0x0000017c081ae23f sp=0x0000006b557fdf30 mode 0

Classes unloaded (0 events):
No events

Classes redefined (0 events):
No events

Internal exceptions (20 events):
Event: 7.841 Thread 0x0000017c7f582bc0 Exception <a 'java/lang/NullPointerException'{0x000000008e2412c8}> (0x000000008e2412c8) 
thrown [./open/src/hotspot/share/interpreter/linkResolver.cpp, line 1374]
Event: 7.842 Thread 0x0000017c7f582bc0 Exception <a 'java/lang/NullPointerException'{0x000000008e243a88}> (0x000000008e243a88) 
thrown [./open/src/hotspot/share/interpreter/linkResolver.cpp, line 1374]
Event: 7.842 Thread 0x0000017c7f582bc0 Exception <a 'java/lang/NullPointerException'{0x000000008e246248}> (0x000000008e246248) 
thrown [./open/src/hotspot/share/interpreter/linkResolver.cpp, line 1374]
Event: 7.842 Thread 0x0000017c7f582bc0 Exception <a 'java/lang/NullPointerException'{0x000000008e248a08}> (0x000000008e248a08) 
thrown [./open/src/hotspot/share/interpreter/linkResolver.cpp, line 1374]
Event: 7.842 Thread 0x0000017c7f582bc0 Exception <a 'java/lang/NullPointerException'{0x000000008e24b1c8}> (0x000000008e24b1c8) 
thrown [./open/src/hotspot/share/interpreter/linkResolver.cpp, line 1374]
Event: 7.842 Thread 0x0000017c7f582bc0 Exception <a 'java/lang/NullPointerException'{0x000000008e24d988}> (0x000000008e24d988) 
thrown [./open/src/hotspot/share/interpreter/linkResolver.cpp, line 1374]
Event: 7.843 Thread 0x0000017c7f582bc0 Exception <a 'java/lang/NullPointerException'{0x000000008e250148}> (0x000000008e250148) 
thrown [./open/src/hotspot/share/interpreter/linkResolver.cpp, line 1374]
Event: 7.843 Thread 0x0000017c7f582bc0 Exception <a 'java/lang/NullPointerException'{0x000000008e252908}> (0x000000008e252908) 
thrown [./open/src/hotspot/share/interpreter/linkResolver.cpp, line 1374]
Event: 7.843 Thread 0x0000017c7f582bc0 Exception <a 'java/lang/NullPointerException'{0x000000008e2550c8}> (0x000000008e2550c8) 
thrown [./open/src/hotspot/share/interpreter/linkResolver.cpp, line 1374]
Event: 7.843 Thread 0x0000017c7f582bc0 Exception <a 'java/lang/NullPointerException'{0x000000008e257888}> (0x000000008e257888) 
thrown [./open/src/hotspot/share/interpreter/linkResolver.cpp, line 1374]
Event: 7.846 Thread 0x0000017c7f582bc0 Exception <a 'java/lang/NullPointerException'{0x000000008e25a048}> (0x000000008e25a048) 
thrown [./open/src/hotspot/share/interpreter/linkResolver.cpp, line 1374]
Event: 7.847 Thread 0x0000017c7f582bc0 Exception <a 'java/lang/NullPointerException'{0x000000008e25c808}> (0x000000008e25c808) 
thrown [./open/src/hotspot/share/interpreter/linkResolver.cpp, line 1374]
Event: 7.847 Thread 0x0000017c7f582bc0 Exception <a 'java/lang/NullPointerException'{0x000000008e25efc8}> (0x000000008e25efc8) 
thrown [./open/src/hotspot/share/interpreter/linkResolver.cpp, line 1374]
Event: 7.847 Thread 0x0000017c7f582bc0 Exception <a 'java/lang/NullPointerException'{0x000000008e261788}> (0x000000008e261788) 
thrown [./open/src/hotspot/share/interpreter/linkResolver.cpp, line 1374]
Event: 7.848 Thread 0x0000017c7f582bc0 Exception <a 'java/lang/NullPointerException'{0x000000008e263f48}> (0x000000008e263f48) 
thrown [./open/src/hotspot/share/interpreter/linkResolver.cpp, line 1374]
Event: 10.035 Thread 0x0000017c7f582bc0 Implicit null exception at 0x0000017c0fe55d74 to 0x0000017c0fe5610c
Event: 10.035 Thread 0x0000017c7f582bc0 Implicit null exception at 0x0000017c0fe56724 to 0x0000017c0fe56adc
Event: 10.035 Thread 0x0000017c7f582bc0 Implicit null exception at 0x0000017c0fe27eb4 to 0x0000017c0fe27f58
Event: 12.774 Thread 0x0000017c7f582bc0 Exception <a 'java/lang/NoSuchMethodError'{0x0000000093befd68}: 'java.lang.Object java.lang.invoke.DirectMethodHandle$Holder.invokeStaticInit(java.lang.Object, int, int, int, int)'> (0x0000000093befd68) 
thrown [./open/src/hotspot/share/interpreter/linkResolver.cpp, line 782]
Event: 12.861 Thread 0x0000017c7f582bc0 Exception <a 'java/lang/NoSuchMethodError'{0x0000000093a883b8}: 'java.lang.Object java.lang.invoke.DirectMethodHandle$Holder.invokeStaticInit(java.lang.Object, java.lang.Object, int, int, int, int)'> (0x0000000093a883b8) 
thrown [./open/src/hotspot/share/interpreter/linkResolver.cpp, line 782]

Events (20 events):
Event: 14.166 loading class sun/security/internal/spec/TlsPrfParameterSpec done
Event: 14.166 loading class sun/security/internal/spec/TlsRsaPremasterSecretParameterSpec
Event: 14.166 loading class sun/security/internal/spec/TlsRsaPremasterSecretParameterSpec done
Event: 14.178 loading class java/security/NoSuchAlgorithmException
Event: 14.178 loading class java/security/NoSuchAlgorithmException done
Event: 14.305 Executing VM operation: G1TryInitiateConcMark
Event: 14.327 Executing VM operation: G1TryInitiateConcMark done
Event: 14.327 Executing VM operation: HandshakeAllThreads
Event: 14.327 Executing VM operation: HandshakeAllThreads done
Event: 14.382 Executing VM operation: G1CollectForAllocation
Event: 14.401 Executing VM operation: G1CollectForAllocation done
Event: 14.429 Thread 0x0000017c1fc23710 Thread exited: 0x0000017c1fc23710
Event: 14.478 Executing VM operation: G1CollectForAllocation
Event: 14.479 Executing VM operation: G1CollectForAllocation done
Event: 14.502 Executing VM operation: HandshakeAllThreads
Event: 14.503 Executing VM operation: HandshakeAllThreads done
Event: 14.506 Thread 0x0000017c1e1d0570 flushing nmethod 0x0000017c0fe3bc90
Event: 14.509 Thread 0x0000017c1e1d0570 flushing nmethod 0x0000017c08c0bb90
Event: 14.564 Thread 0x0000017c1e2f3070 Thread added: 0x0000017c1e2f3070
Event: 14.575 Executing VM operation: G1Concurrent


Dynamic libraries:
0x00007ff60aab0000 - 0x00007ff60aabf000 	C:\Program Files\Java\jdk-15.0.1\bin\java.exe
0x00007ffd982b0000 - 0x00007ffd984a6000 	C:\WINDOWS\SYSTEM32\ntdll.dll
0x00007ffd981b0000 - 0x00007ffd9826d000 	C:\WINDOWS\System32\KERNEL32.DLL
0x00007ffd96040000 - 0x00007ffd96309000 	C:\WINDOWS\System32\KERNELBASE.dll
0x00007ffd959f0000 - 0x00007ffd95af0000 	C:\WINDOWS\System32\ucrtbase.dll
0x00007ffd8fc60000 - 0x00007ffd8fc78000 	C:\Program Files\Java\jdk-15.0.1\bin\jli.dll
0x00007ffd96890000 - 0x00007ffd9693c000 	C:\WINDOWS\System32\ADVAPI32.dll
0x00007ffd965e0000 - 0x00007ffd9667e000 	C:\WINDOWS\System32\msvcrt.dll
0x00007ffd96a70000 - 0x00007ffd96b0c000 	C:\WINDOWS\System32\sechost.dll
0x00007ffd96940000 - 0x00007ffd96a6b000 	C:\WINDOWS\System32\RPCRT4.dll
0x00007ffd96440000 - 0x00007ffd965e0000 	C:\WINDOWS\System32\USER32.dll
0x00007ffd96010000 - 0x00007ffd96032000 	C:\WINDOWS\System32\win32u.dll
0x00007ffd98050000 - 0x00007ffd9807a000 	C:\WINDOWS\System32\GDI32.dll
0x00007ffd95af0000 - 0x00007ffd95bfb000 	C:\WINDOWS\System32\gdi32full.dll
0x00007ffd95c00000 - 0x00007ffd95c9d000 	C:\WINDOWS\System32\msvcp_win.dll
0x00007ffd7e120000 - 0x00007ffd7e3bb000 	C:\WINDOWS\WinSxS\amd64_microsoft.windows.common-controls_6595b64144ccf1df_6.0.19041.746_none_ca02b4b61b8320a4\COMCTL32.dll
0x00007ffd8b670000 - 0x00007ffd8b67a000 	C:\WINDOWS\SYSTEM32\VERSION.dll
0x00007ffd8f7c0000 - 0x00007ffd8f7d9000 	C:\Program Files\Java\jdk-15.0.1\bin\VCRUNTIME140.dll
0x00007ffd980a0000 - 0x00007ffd980d0000 	C:\WINDOWS\System32\IMM32.DLL
0x00007ffd91060000 - 0x00007ffd9106c000 	C:\Program Files\Java\jdk-15.0.1\bin\vcruntime140_1.dll
0x00007ffd82f50000 - 0x00007ffd82fe1000 	C:\Program Files\Java\jdk-15.0.1\bin\msvcp140.dll
0x00007ffd61140000 - 0x00007ffd61c9e000 	C:\Program Files\Java\jdk-15.0.1\bin\server\jvm.dll
0x00007ffd97ac0000 - 0x00007ffd97ac8000 	C:\WINDOWS\System32\PSAPI.DLL
0x00007ffd8f760000 - 0x00007ffd8f769000 	C:\WINDOWS\SYSTEM32\WSOCK32.dll
0x00007ffd97300000 - 0x00007ffd9736b000 	C:\WINDOWS\System32\WS2_32.dll
0x00007ffd84cc0000 - 0x00007ffd84ce7000 	C:\WINDOWS\SYSTEM32\WINMM.dll
0x00007ffd94320000 - 0x00007ffd94332000 	C:\WINDOWS\SYSTEM32\kernel.appcore.dll
0x00007ffd8f7b0000 - 0x00007ffd8f7ba000 	C:\Program Files\Java\jdk-15.0.1\bin\jimage.dll
0x00007ffd92b40000 - 0x00007ffd92d24000 	C:\WINDOWS\SYSTEM32\DBGHELP.DLL
0x00007ffd8bb60000 - 0x00007ffd8bb8c000 	C:\WINDOWS\SYSTEM32\dbgcore.DLL
0x00007ffd95d50000 - 0x00007ffd95dd0000 	C:\WINDOWS\System32\bcryptPrimitives.dll
0x00007ffd8f790000 - 0x00007ffd8f79e000 	C:\Program Files\Java\jdk-15.0.1\bin\instrument.dll
0x00007ffd877e0000 - 0x00007ffd87805000 	C:\Program Files\Java\jdk-15.0.1\bin\java.dll
0x00007ffd97370000 - 0x00007ffd97ab3000 	C:\WINDOWS\System32\SHELL32.dll
0x00007ffd935a0000 - 0x00007ffd93d2f000 	C:\WINDOWS\SYSTEM32\windows.storage.dll
0x00007ffd96d20000 - 0x00007ffd97076000 	C:\WINDOWS\System32\combase.dll
0x00007ffd95380000 - 0x00007ffd953ac000 	C:\WINDOWS\SYSTEM32\Wldp.dll
0x00007ffd97130000 - 0x00007ffd971de000 	C:\WINDOWS\System32\SHCORE.dll
0x00007ffd97ff0000 - 0x00007ffd98045000 	C:\WINDOWS\System32\shlwapi.dll
0x00007ffd95920000 - 0x00007ffd95946000 	C:\WINDOWS\SYSTEM32\profapi.dll
0x00007ffd87400000 - 0x00007ffd87418000 	C:\Program Files\Java\jdk-15.0.1\bin\zip.dll
0x00007ffd877c0000 - 0x00007ffd877d9000 	C:\Program Files\Java\jdk-15.0.1\bin\net.dll
0x00007ffd86900000 - 0x00007ffd86a00000 	C:\WINDOWS\SYSTEM32\WINHTTP.dll
0x00007ffd95100000 - 0x00007ffd9516a000 	C:\WINDOWS\system32\mswsock.dll
0x00007ffd87420000 - 0x00007ffd87432000 	C:\Program Files\Java\jdk-15.0.1\bin\nio.dll
0x00007ffd873e0000 - 0x00007ffd873fa000 	C:\Program Files\JetBrains\IntelliJ IDEA 2020.3\bin\breakgen64.dll
0x00007ffd69070000 - 0x00007ffd691f0000 	C:\Program Files\Java\jdk-15.0.1\bin\awt.dll
0x00007ffd96680000 - 0x00007ffd9674d000 	C:\WINDOWS\System32\OLEAUT32.dll
0x00007ffd92960000 - 0x00007ffd929f0000 	C:\WINDOWS\SYSTEM32\apphelp.dll
0x00007ffd92e40000 - 0x00007ffd92ede000 	C:\WINDOWS\system32\uxtheme.dll
0x00007ffd971e0000 - 0x00007ffd972f6000 	C:\WINDOWS\System32\MSCTF.dll
0x00007ffd96310000 - 0x00007ffd9643a000 	C:\WINDOWS\System32\ole32.dll
0x00007ffd93030000 - 0x00007ffd9305f000 	C:\WINDOWS\system32\DWMAPI.DLL
0x00007ffd877b0000 - 0x00007ffd877c0000 	C:\Program Files\Java\jdk-15.0.1\bin\verify.dll
0x00007ffd711b0000 - 0x00007ffd712d5000 	C:\WINDOWS\system32\opengl32.dll
0x00007ffd7d8b0000 - 0x00007ffd7d8dc000 	C:\WINDOWS\SYSTEM32\GLU32.dll
0x00007ffd6be60000 - 0x00007ffd6bee5000 	C:\Program Files\Java\jdk-15.0.1\bin\freetype.dll
0x00007ffd6ad80000 - 0x00007ffd6ae29000 	C:\Program Files\Java\jdk-15.0.1\bin\fontmanager.dll
0x00007ffd952d0000 - 0x00007ffd952e8000 	C:\WINDOWS\SYSTEM32\CRYPTSP.dll
0x00007ffd94aa0000 - 0x00007ffd94ad4000 	C:\WINDOWS\system32\rsaenh.dll
0x00007ffd95dd0000 - 0x00007ffd95df7000 	C:\WINDOWS\System32\bcrypt.dll
0x00007ffd958e0000 - 0x00007ffd9590e000 	C:\WINDOWS\SYSTEM32\USERENV.dll
0x00007ffd952f0000 - 0x00007ffd952fc000 	C:\WINDOWS\SYSTEM32\CRYPTBASE.dll
0x00007ffd94df0000 - 0x00007ffd94e2b000 	C:\WINDOWS\SYSTEM32\IPHLPAPI.DLL
0x00007ffd97b70000 - 0x00007ffd97b78000 	C:\WINDOWS\System32\NSI.dll
0x00007ffd8b650000 - 0x00007ffd8b667000 	C:\WINDOWS\SYSTEM32\dhcpcsvc6.DLL
0x00007ffd8b820000 - 0x00007ffd8b83d000 	C:\WINDOWS\SYSTEM32\dhcpcsvc.DLL
0x00007ffd94e30000 - 0x00007ffd94efb000 	C:\WINDOWS\SYSTEM32\DNSAPI.dll

dbghelp: loaded successfully - version: 4.0.5 - missing functions: none
symbol engine: initialized successfully - sym options: 0x614 - pdb path: .;C:\Program Files\Java\jdk-15.0.1\bin;C:\WINDOWS\SYSTEM32;C:\WINDOWS\WinSxS\amd64_microsoft.windows.common-controls_6595b64144ccf1df_6.0.19041.746_none_ca02b4b61b8320a4;C:\Program Files\Java\jdk-15.0.1\bin\server;C:\Program Files\JetBrains\IntelliJ IDEA 2020.3\bin

VM Arguments:
jvm_args: -javaagent:C:\Program Files\JetBrains\IntelliJ IDEA 2020.3\lib\idea_rt.jar=62726:C:\Program Files\JetBrains\IntelliJ IDEA 2020.3\bin -Dfile.encoding=UTF-8 
java_command: WritingIntoFiles
java_class_path (initial): O:\MyStuff\Files\mySpace\Projects\ENSA\GLProject\out\production\GLProject;C:\Program Files\Java\mysql-connector-java-5.1.49\mysql-connector-java-5.1.49.jar;O:\MyStuff\Files\mySpace\Projects\ENSA\GLProject\Resources\aspose.pdf-21.2.jar
Launcher Type: SUN_STANDARD

[Global flags]
     intx CICompilerCount                          = 3                                         {product} {ergonomic}
     uint ConcGCThreads                            = 1                                         {product} {ergonomic}
     uint G1ConcRefinementThreads                  = 4                                         {product} {ergonomic}
   size_t G1HeapRegionSize                         = 1048576                                   {product} {ergonomic}
    uintx GCDrainStackTargetSize                   = 64                                        {product} {ergonomic}
   size_t InitialHeapSize                          = 134217728                                 {product} {ergonomic}
   size_t MarkStackSize                            = 4194304                                   {product} {ergonomic}
   size_t MaxHeapSize                              = 2122317824                                {product} {ergonomic}
   size_t MaxNewSize                               = 1272971264                                {product} {ergonomic}
   size_t MinHeapDeltaBytes                        = 1048576                                   {product} {ergonomic}
   size_t MinHeapSize                              = 8388608                                   {product} {ergonomic}
    uintx NonNMethodCodeHeapSize                   = 5832780                                {pd product} {ergonomic}
    uintx NonProfiledCodeHeapSize                  = 122912730                              {pd product} {ergonomic}
    uintx ProfiledCodeHeapSize                     = 122912730                              {pd product} {ergonomic}
    uintx ReservedCodeCacheSize                    = 251658240                              {pd product} {ergonomic}
     bool SegmentedCodeCache                       = true                                      {product} {ergonomic}
   size_t SoftMaxHeapSize                          = 2122317824                             {manageable} {ergonomic}
     bool UseCompressedClassPointers               = true                                 {lp64_product} {ergonomic}
     bool UseCompressedOops                        = true                                 {lp64_product} {ergonomic}
     bool UseG1GC                                  = true                                      {product} {ergonomic}
     bool UseLargePagesIndividualAllocation        = false                                  {pd product} {ergonomic}

Logging:
Log output configuration:
 #0: stdout all=warning uptime,level,tags
 #1: stderr all=off uptime,level,tags

Environment Variables:
JAVA_HOME=C:\Users\Fujitsu\AppData\Local\Programs\AdoptOpenJDK\jdk-11.0.9.11-hotspot\
PATH=O:\Important Programs\VMware\bin\;C:\Python39\Scripts\;C:\Python39\;C:\ProgramData\Oracle\Java\javapath;C:\Program Files\Common Files\Oracle\Java\javapath;C:\WINDOWS\system32;C:\WINDOWS;C:\WINDOWS\System32\Wbem;C:\WINDOWS\System32\WindowsPowerShell\v1.0\;C:\WINDOWS\System32\OpenSSH\;C:\Program Files\Microsoft VS Code\bin;C:\Program Files\dotnet\;C:\Program Files\Java\jdk-15.0.1\bin;C:\Program Files\nodejs\;C:\ProgramData\chocolatey\bin;C:\Program Files\Git\cmd;C:\Users\Fujitsu\AppData\Local\Programs\AdoptOpenJDK\jdk-11.0.9.11-hotspot\bin;C:\Users\Fujitsu\AppData\Local\Microsoft\WindowsApps;O:\Important Programs\DataGrip 2020.2.3\bin;;C:\Users\Fujitsu\AppData\Roaming\npm;C:\Users\Fujitsu\AppData\Local\GitHubDesktop\bin;C:\Program Files\JetBrains\IntelliJ IDEA 2020.3\bin;;C:\Program Files\JetBrains\JetBrains Rider 2020.2.4\bin;;;C:\Program Files\JetBrains\PyCharm Community Edition 2020.3.3\bin;
USERNAME=Fujitsu
OS=Windows_NT
PROCESSOR_IDENTIFIER=Intel64 Family 6 Model 142 Stepping 9, GenuineIntel



---------------  S Y S T E M  ---------------

OS:
 Windows 10 , 64 bit Build 19041 (10.0.19041.662)
OS uptime: 9 days 12:28 hours

CPU: total 4 (initial active 4) (2 cores per cpu, 2 threads per core) family 6 model 142 stepping 9 microcode 0xb4, cmov, cx8, fxsr, mmx, sse, sse2, sse3, ssse3, sse4.1, sse4.2, popcnt, vzeroupper, avx, avx2, aes, clmul, erms, 3dnowpref, lzcnt, ht, tsc, tscinvbit, bmi1, bmi2, adx, fma, clflush, clflushopt

Memory: 4k page, system-wide physical 8088M (462M free)
TotalPageFile size 14184M (AvailPageFile size 66M)
current process WorkingSet (physical memory assigned to process): 457M, peak: 457M
current process commit charge ("private bytes"): 559M, peak: 628M

vm_info: Java HotSpot(TM) 64-Bit Server VM (15.0.1+9-18) for windows-amd64 JRE (15.0.1+9-18), built on Sep 15 2020 14:43:54 by "mach5one" with unknown MS VC++:1925

END.
